Flow report for Lab1
Sat Dec 07 17:54:16 2013
Quartus II 32-bit Version 13.0.1 Build 232 06/12/2013 Service Pack 1 SJ Full Version


---------------------
; Table of Contents ;
---------------------
  1. Legal Notice
  2. Flow Summary
  3. Flow Settings
  4. Flow Non-Default Global Settings
  5. Flow Elapsed Time
  6. Flow OS Summary
  7. Flow Log
  8. Flow Messages
  9. Flow Suppressed Messages



----------------
; Legal Notice ;
----------------
Copyright (C) 1991-2013 Altera Corporation
Your use of Altera Corporation's design tools, logic functions 
and other software and tools, and its AMPP partner logic 
functions, and any output files from any of the foregoing 
(including device programming or simulation files), and any 
associated documentation or information are expressly subject 
to the terms and conditions of the Altera Program License 
Subscription Agreement, Altera MegaCore Function License 
Agreement, or other applicable license agreement, including, 
without limitation, that your use is for the sole purpose of 
programming logic devices manufactured by Altera and sold by 
Altera or its authorized distributors.  Please refer to the 
applicable agreement for further details.



+---------------------------------------------------------------------------------------+
; Flow Summary                                                                          ;
+------------------------------------+--------------------------------------------------+
; Flow Status                        ; Successful - Sat Dec 07 17:54:02 2013            ;
; Quartus II 32-bit Version          ; 13.0.1 Build 232 06/12/2013 SP 1 SJ Full Version ;
; Revision Name                      ; Lab1                                             ;
; Top-level Entity Name              ; Lab1                                             ;
; Family                             ; Cyclone IV E                                     ;
; Device                             ; EP4CE115F29C7                                    ;
; Timing Models                      ; Final                                            ;
; Total logic elements               ; 6,429 / 114,480 ( 6 % )                          ;
;     Total combinational functions  ; 5,626 / 114,480 ( 5 % )                          ;
;     Dedicated logic registers      ; 3,911 / 114,480 ( 3 % )                          ;
; Total registers                    ; 3911                                             ;
; Total pins                         ; 169 / 529 ( 32 % )                               ;
; Total virtual pins                 ; 0                                                ;
; Total memory bits                  ; 202,816 / 3,981,312 ( 5 % )                      ;
; Embedded Multiplier 9-bit elements ; 4 / 532 ( < 1 % )                                ;
; Total PLLs                         ; 0 / 4 ( 0 % )                                    ;
+------------------------------------+--------------------------------------------------+


+-----------------------------------------+
; Flow Settings                           ;
+-------------------+---------------------+
; Option            ; Setting             ;
+-------------------+---------------------+
; Start date & time ; 12/07/2013 17:51:44 ;
; Main task         ; Compilation         ;
; Revision Name     ; Lab1                ;
+-------------------+---------------------+


+----------------------------------------------------------------------------------------------------------------------------------------------------------------------------------+
; Flow Non-Default Global Settings                                                                                                                                                 ;
+-------------------------------------+----------------------------------------------------------+---------------+----------------------------------------------------+------------+
; Assignment Name                     ; Value                                                    ; Default Value ; Entity Name                                        ; Section Id ;
+-------------------------------------+----------------------------------------------------------+---------------+----------------------------------------------------+------------+
; COMPILER_SIGNATURE_ID               ; 123496056807.138642430403464                             ; --            ; --                                                 ; --         ;
; IP_TOOL_ENV                         ; Qsys                                                     ; --            ; altera_avalon_sc_fifo                              ; --         ;
; IP_TOOL_ENV                         ; Qsys                                                     ; --            ; altera_customins_master_translator                 ; --         ;
; IP_TOOL_ENV                         ; Qsys                                                     ; --            ; altera_customins_slave_translator                  ; --         ;
; IP_TOOL_ENV                         ; Qsys                                                     ; --            ; altera_merlin_burst_adapter                        ; --         ;
; IP_TOOL_ENV                         ; Qsys                                                     ; --            ; altera_merlin_master_agent                         ; --         ;
; IP_TOOL_ENV                         ; Qsys                                                     ; --            ; altera_merlin_master_translator                    ; --         ;
; IP_TOOL_ENV                         ; Qsys                                                     ; --            ; altera_merlin_slave_agent                          ; --         ;
; IP_TOOL_ENV                         ; Qsys                                                     ; --            ; altera_merlin_slave_translator                     ; --         ;
; IP_TOOL_ENV                         ; Qsys                                                     ; --            ; altera_merlin_traffic_limiter                      ; --         ;
; IP_TOOL_ENV                         ; Qsys                                                     ; --            ; altera_merlin_width_adapter                        ; --         ;
; IP_TOOL_ENV                         ; Qsys                                                     ; --            ; altera_reset_controller                            ; --         ;
; IP_TOOL_ENV                         ; Qsys                                                     ; --            ; altera_tristate_controller_aggregator              ; --         ;
; IP_TOOL_ENV                         ; Qsys                                                     ; --            ; altera_tristate_controller_translator              ; --         ;
; IP_TOOL_ENV                         ; Qsys                                                     ; --            ; niosII                                             ; --         ;
; IP_TOOL_ENV                         ; Qsys                                                     ; --            ; niosII_addr_router                                 ; --         ;
; IP_TOOL_ENV                         ; Qsys                                                     ; --            ; niosII_addr_router_001                             ; --         ;
; IP_TOOL_ENV                         ; Qsys                                                     ; --            ; niosII_buttons                                     ; --         ;
; IP_TOOL_ENV                         ; Qsys                                                     ; --            ; niosII_cmd_xbar_demux                              ; --         ;
; IP_TOOL_ENV                         ; Qsys                                                     ; --            ; niosII_cmd_xbar_demux_001                          ; --         ;
; IP_TOOL_ENV                         ; Qsys                                                     ; --            ; niosII_cmd_xbar_mux                                ; --         ;
; IP_TOOL_ENV                         ; Qsys                                                     ; --            ; niosII_cpu                                         ; --         ;
; IP_TOOL_ENV                         ; Qsys                                                     ; --            ; niosII_cpu_custom_instruction_master_comb_xconnect ; --         ;
; IP_TOOL_ENV                         ; Qsys                                                     ; --            ; niosII_ext_flash_bus                               ; --         ;
; IP_TOOL_ENV                         ; Qsys                                                     ; --            ; niosII_ext_flash_ctl                               ; --         ;
; IP_TOOL_ENV                         ; Qsys                                                     ; --            ; niosII_ext_ram_bus                                 ; --         ;
; IP_TOOL_ENV                         ; Qsys                                                     ; --            ; niosII_ext_ram_ctl                                 ; --         ;
; IP_TOOL_ENV                         ; Qsys                                                     ; --            ; niosII_high_res_timer                              ; --         ;
; IP_TOOL_ENV                         ; Qsys                                                     ; --            ; niosII_id_router                                   ; --         ;
; IP_TOOL_ENV                         ; Qsys                                                     ; --            ; niosII_id_router_001                               ; --         ;
; IP_TOOL_ENV                         ; Qsys                                                     ; --            ; niosII_id_router_002                               ; --         ;
; IP_TOOL_ENV                         ; Qsys                                                     ; --            ; niosII_id_router_003                               ; --         ;
; IP_TOOL_ENV                         ; Qsys                                                     ; --            ; niosII_instruction_tcm                             ; --         ;
; IP_TOOL_ENV                         ; Qsys                                                     ; --            ; niosII_irq_mapper                                  ; --         ;
; IP_TOOL_ENV                         ; Qsys                                                     ; --            ; niosII_jtag_uart                                   ; --         ;
; IP_TOOL_ENV                         ; Qsys                                                     ; --            ; niosII_performance_counter_0                       ; --         ;
; IP_TOOL_ENV                         ; Qsys                                                     ; --            ; niosII_rsp_xbar_demux                              ; --         ;
; IP_TOOL_ENV                         ; Qsys                                                     ; --            ; niosII_rsp_xbar_demux_003                          ; --         ;
; IP_TOOL_ENV                         ; Qsys                                                     ; --            ; niosII_rsp_xbar_mux                                ; --         ;
; IP_TOOL_ENV                         ; Qsys                                                     ; --            ; niosII_rsp_xbar_mux_001                            ; --         ;
; IP_TOOL_ENV                         ; Qsys                                                     ; --            ; niosII_seven_seg                                   ; --         ;
; IP_TOOL_ENV                         ; Qsys                                                     ; --            ; niosII_sys_clk_timer                               ; --         ;
; IP_TOOL_ENV                         ; Qsys                                                     ; --            ; niosII_sysid                                       ; --         ;
; IP_TOOL_NAME                        ; altera_avalon_sc_fifo                                    ; --            ; altera_avalon_sc_fifo                              ; --         ;
; IP_TOOL_NAME                        ; altera_customins_master_translator                       ; --            ; altera_customins_master_translator                 ; --         ;
; IP_TOOL_NAME                        ; altera_customins_slave_translator                        ; --            ; altera_customins_slave_translator                  ; --         ;
; IP_TOOL_NAME                        ; altera_merlin_burst_adapter                              ; --            ; altera_merlin_burst_adapter                        ; --         ;
; IP_TOOL_NAME                        ; altera_merlin_master_agent                               ; --            ; altera_merlin_master_agent                         ; --         ;
; IP_TOOL_NAME                        ; altera_merlin_master_translator                          ; --            ; altera_merlin_master_translator                    ; --         ;
; IP_TOOL_NAME                        ; altera_merlin_slave_agent                                ; --            ; altera_merlin_slave_agent                          ; --         ;
; IP_TOOL_NAME                        ; altera_merlin_slave_translator                           ; --            ; altera_merlin_slave_translator                     ; --         ;
; IP_TOOL_NAME                        ; altera_merlin_traffic_limiter                            ; --            ; altera_merlin_traffic_limiter                      ; --         ;
; IP_TOOL_NAME                        ; altera_merlin_width_adapter                              ; --            ; altera_merlin_width_adapter                        ; --         ;
; IP_TOOL_NAME                        ; altera_reset_controller                                  ; --            ; altera_reset_controller                            ; --         ;
; IP_TOOL_NAME                        ; altera_tristate_controller_aggregator                    ; --            ; altera_tristate_controller_aggregator              ; --         ;
; IP_TOOL_NAME                        ; altera_tristate_controller_translator                    ; --            ; altera_tristate_controller_translator              ; --         ;
; IP_TOOL_NAME                        ; Qsys                                                     ; --            ; niosII                                             ; --         ;
; IP_TOOL_NAME                        ; altera_merlin_router                                     ; --            ; niosII_addr_router                                 ; --         ;
; IP_TOOL_NAME                        ; altera_merlin_router                                     ; --            ; niosII_addr_router_001                             ; --         ;
; IP_TOOL_NAME                        ; altera_avalon_pio                                        ; --            ; niosII_buttons                                     ; --         ;
; IP_TOOL_NAME                        ; altera_merlin_demultiplexer                              ; --            ; niosII_cmd_xbar_demux                              ; --         ;
; IP_TOOL_NAME                        ; altera_merlin_demultiplexer                              ; --            ; niosII_cmd_xbar_demux_001                          ; --         ;
; IP_TOOL_NAME                        ; altera_merlin_multiplexer                                ; --            ; niosII_cmd_xbar_mux                                ; --         ;
; IP_TOOL_NAME                        ; altera_nios2_qsys                                        ; --            ; niosII_cpu                                         ; --         ;
; IP_TOOL_NAME                        ; altera_customins_xconnect                                ; --            ; niosII_cpu_custom_instruction_master_comb_xconnect ; --         ;
; IP_TOOL_NAME                        ; altera_tristate_conduit_bridge                           ; --            ; niosII_ext_flash_bus                               ; --         ;
; IP_TOOL_NAME                        ; altera_generic_tristate_controller                       ; --            ; niosII_ext_flash_ctl                               ; --         ;
; IP_TOOL_NAME                        ; altera_tristate_conduit_bridge                           ; --            ; niosII_ext_ram_bus                                 ; --         ;
; IP_TOOL_NAME                        ; altera_generic_tristate_controller                       ; --            ; niosII_ext_ram_ctl                                 ; --         ;
; IP_TOOL_NAME                        ; altera_avalon_timer                                      ; --            ; niosII_high_res_timer                              ; --         ;
; IP_TOOL_NAME                        ; altera_merlin_router                                     ; --            ; niosII_id_router                                   ; --         ;
; IP_TOOL_NAME                        ; altera_merlin_router                                     ; --            ; niosII_id_router_001                               ; --         ;
; IP_TOOL_NAME                        ; altera_merlin_router                                     ; --            ; niosII_id_router_002                               ; --         ;
; IP_TOOL_NAME                        ; altera_merlin_router                                     ; --            ; niosII_id_router_003                               ; --         ;
; IP_TOOL_NAME                        ; altera_avalon_onchip_memory2                             ; --            ; niosII_instruction_tcm                             ; --         ;
; IP_TOOL_NAME                        ; altera_irq_mapper                                        ; --            ; niosII_irq_mapper                                  ; --         ;
; IP_TOOL_NAME                        ; altera_avalon_jtag_uart                                  ; --            ; niosII_jtag_uart                                   ; --         ;
; IP_TOOL_NAME                        ; altera_avalon_performance_counter                        ; --            ; niosII_performance_counter_0                       ; --         ;
; IP_TOOL_NAME                        ; altera_merlin_demultiplexer                              ; --            ; niosII_rsp_xbar_demux                              ; --         ;
; IP_TOOL_NAME                        ; altera_merlin_demultiplexer                              ; --            ; niosII_rsp_xbar_demux_003                          ; --         ;
; IP_TOOL_NAME                        ; altera_merlin_multiplexer                                ; --            ; niosII_rsp_xbar_mux                                ; --         ;
; IP_TOOL_NAME                        ; altera_merlin_multiplexer                                ; --            ; niosII_rsp_xbar_mux_001                            ; --         ;
; IP_TOOL_NAME                        ; altera_avalon_pio                                        ; --            ; niosII_seven_seg                                   ; --         ;
; IP_TOOL_NAME                        ; altera_avalon_timer                                      ; --            ; niosII_sys_clk_timer                               ; --         ;
; IP_TOOL_NAME                        ; altera_avalon_sysid_qsys                                 ; --            ; niosII_sysid                                       ; --         ;
; IP_TOOL_VERSION                     ; 13.0                                                     ; --            ; altera_avalon_sc_fifo                              ; --         ;
; IP_TOOL_VERSION                     ; 13.0                                                     ; --            ; altera_customins_master_translator                 ; --         ;
; IP_TOOL_VERSION                     ; 13.0                                                     ; --            ; altera_customins_slave_translator                  ; --         ;
; IP_TOOL_VERSION                     ; 13.0                                                     ; --            ; altera_merlin_burst_adapter                        ; --         ;
; IP_TOOL_VERSION                     ; 13.0                                                     ; --            ; altera_merlin_master_agent                         ; --         ;
; IP_TOOL_VERSION                     ; 13.0                                                     ; --            ; altera_merlin_master_translator                    ; --         ;
; IP_TOOL_VERSION                     ; 13.0                                                     ; --            ; altera_merlin_slave_agent                          ; --         ;
; IP_TOOL_VERSION                     ; 13.0                                                     ; --            ; altera_merlin_slave_translator                     ; --         ;
; IP_TOOL_VERSION                     ; 13.0                                                     ; --            ; altera_merlin_traffic_limiter                      ; --         ;
; IP_TOOL_VERSION                     ; 13.0                                                     ; --            ; altera_merlin_width_adapter                        ; --         ;
; IP_TOOL_VERSION                     ; 13.0                                                     ; --            ; altera_reset_controller                            ; --         ;
; IP_TOOL_VERSION                     ; 13.0                                                     ; --            ; altera_tristate_controller_aggregator              ; --         ;
; IP_TOOL_VERSION                     ; 13.0                                                     ; --            ; altera_tristate_controller_translator              ; --         ;
; IP_TOOL_VERSION                     ; 13.0sp1                                                  ; --            ; niosII                                             ; --         ;
; IP_TOOL_VERSION                     ; 13.0                                                     ; --            ; niosII_addr_router                                 ; --         ;
; IP_TOOL_VERSION                     ; 13.0                                                     ; --            ; niosII_addr_router_001                             ; --         ;
; IP_TOOL_VERSION                     ; 13.0.1.99.2                                              ; --            ; niosII_buttons                                     ; --         ;
; IP_TOOL_VERSION                     ; 13.0                                                     ; --            ; niosII_cmd_xbar_demux                              ; --         ;
; IP_TOOL_VERSION                     ; 13.0                                                     ; --            ; niosII_cmd_xbar_demux_001                          ; --         ;
; IP_TOOL_VERSION                     ; 13.0                                                     ; --            ; niosII_cmd_xbar_mux                                ; --         ;
; IP_TOOL_VERSION                     ; 13.0                                                     ; --            ; niosII_cpu                                         ; --         ;
; IP_TOOL_VERSION                     ; 13.0                                                     ; --            ; niosII_cpu_custom_instruction_master_comb_xconnect ; --         ;
; IP_TOOL_VERSION                     ; 13.0                                                     ; --            ; niosII_ext_flash_bus                               ; --         ;
; IP_TOOL_VERSION                     ; 13.0                                                     ; --            ; niosII_ext_flash_ctl                               ; --         ;
; IP_TOOL_VERSION                     ; 13.0                                                     ; --            ; niosII_ext_ram_bus                                 ; --         ;
; IP_TOOL_VERSION                     ; 13.0                                                     ; --            ; niosII_ext_ram_ctl                                 ; --         ;
; IP_TOOL_VERSION                     ; 13.0.1.99.2                                              ; --            ; niosII_high_res_timer                              ; --         ;
; IP_TOOL_VERSION                     ; 13.0                                                     ; --            ; niosII_id_router                                   ; --         ;
; IP_TOOL_VERSION                     ; 13.0                                                     ; --            ; niosII_id_router_001                               ; --         ;
; IP_TOOL_VERSION                     ; 13.0                                                     ; --            ; niosII_id_router_002                               ; --         ;
; IP_TOOL_VERSION                     ; 13.0                                                     ; --            ; niosII_id_router_003                               ; --         ;
; IP_TOOL_VERSION                     ; 13.0.1.99.2                                              ; --            ; niosII_instruction_tcm                             ; --         ;
; IP_TOOL_VERSION                     ; 13.0                                                     ; --            ; niosII_irq_mapper                                  ; --         ;
; IP_TOOL_VERSION                     ; 13.0.1.99.2                                              ; --            ; niosII_jtag_uart                                   ; --         ;
; IP_TOOL_VERSION                     ; 13.0.1.99.2                                              ; --            ; niosII_performance_counter_0                       ; --         ;
; IP_TOOL_VERSION                     ; 13.0                                                     ; --            ; niosII_rsp_xbar_demux                              ; --         ;
; IP_TOOL_VERSION                     ; 13.0                                                     ; --            ; niosII_rsp_xbar_demux_003                          ; --         ;
; IP_TOOL_VERSION                     ; 13.0                                                     ; --            ; niosII_rsp_xbar_mux                                ; --         ;
; IP_TOOL_VERSION                     ; 13.0                                                     ; --            ; niosII_rsp_xbar_mux_001                            ; --         ;
; IP_TOOL_VERSION                     ; 13.0.1.99.2                                              ; --            ; niosII_seven_seg                                   ; --         ;
; IP_TOOL_VERSION                     ; 13.0.1.99.2                                              ; --            ; niosII_sys_clk_timer                               ; --         ;
; IP_TOOL_VERSION                     ; 13.0                                                     ; --            ; niosII_sysid                                       ; --         ;
; MAX_CORE_JUNCTION_TEMP              ; 85                                                       ; --            ; --                                                 ; --         ;
; MIN_CORE_JUNCTION_TEMP              ; 0                                                        ; --            ; --                                                 ; --         ;
; MISC_FILE                           ; niosII/synthesis/../../niosII.cmp                        ; --            ; --                                                 ; --         ;
; MISC_FILE                           ; niosII/synthesis/../../niosII.qsys                       ; --            ; --                                                 ; --         ;
; PARTITION_COLOR                     ; 16764057                                                 ; --            ; --                                                 ; Top        ;
; PARTITION_FITTER_PRESERVATION_LEVEL ; PLACEMENT_AND_ROUTING                                    ; --            ; --                                                 ; Top        ;
; PARTITION_NETLIST_TYPE              ; SOURCE                                                   ; --            ; --                                                 ; Top        ;
; POWER_BOARD_THERMAL_MODEL           ; None (CONSERVATIVE)                                      ; --            ; --                                                 ; --         ;
; POWER_PRESET_COOLING_SOLUTION       ; 23 MM HEAT SINK WITH 200 LFPM AIRFLOW                    ; --            ; --                                                 ; --         ;
; SLD_INFO                            ; QSYS_NAME niosII HAS_SOPCINFO 1 GENERATION_ID 1386424237 ; --            ; niosII                                             ; --         ;
; SOPCINFO_FILE                       ; niosII/synthesis/../../niosII.sopcinfo                   ; --            ; --                                                 ; --         ;
; SYNTHESIS_ONLY_QIP                  ; On                                                       ; --            ; --                                                 ; --         ;
+-------------------------------------+----------------------------------------------------------+---------------+----------------------------------------------------+------------+


+-------------------------------------------------------------------------------------------------------------------------------+
; Flow Elapsed Time                                                                                                             ;
+---------------------------+--------------+-------------------------+---------------------+------------------------------------+
; Module Name               ; Elapsed Time ; Average Processors Used ; Peak Virtual Memory ; Total CPU Time (on all processors) ;
+---------------------------+--------------+-------------------------+---------------------+------------------------------------+
; Analysis & Synthesis      ; 00:00:50     ; 1.0                     ; 497 MB              ; 00:00:45                           ;
; Fitter                    ; 00:01:11     ; 1.3                     ; 797 MB              ; 00:01:27                           ;
; Assembler                 ; 00:00:09     ; 1.0                     ; 361 MB              ; 00:00:09                           ;
; TimeQuest Timing Analyzer ; 00:00:12     ; 1.1                     ; 501 MB              ; 00:00:13                           ;
; Total                     ; 00:02:22     ; --                      ; --                  ; 00:02:34                           ;
+---------------------------+--------------+-------------------------+---------------------+------------------------------------+


+----------------------------------------------------------------------------------------+
; Flow OS Summary                                                                        ;
+---------------------------+------------------+-----------+------------+----------------+
; Module Name               ; Machine Hostname ; OS Name   ; OS Version ; Processor type ;
+---------------------------+------------------+-----------+------------+----------------+
; Analysis & Synthesis      ; lab1n00          ; Windows 7 ; 6.1        ; i686           ;
; Fitter                    ; lab1n00          ; Windows 7 ; 6.1        ; i686           ;
; Assembler                 ; lab1n00          ; Windows 7 ; 6.1        ; i686           ;
; TimeQuest Timing Analyzer ; lab1n00          ; Windows 7 ; 6.1        ; i686           ;
+---------------------------+------------------+-----------+------------+----------------+


------------
; Flow Log ;
------------
quartus_map --read_settings_files=on --write_settings_files=off Lab1 -c Lab1
quartus_fit --read_settings_files=off --write_settings_files=off Lab1 -c Lab1
quartus_asm --read_settings_files=off --write_settings_files=off Lab1 -c Lab1
quartus_sta Lab1 -c Lab1



