Info: Starting: Create block symbol file (.bsf)
Info: ip-generate --project-directory=D:/Altera/povs/iu3-91/demin/lab1/SysBuild/CodeGenerated/DE2_115/Lab1/ --output-directory=D:/Altera/povs/iu3-91/demin/lab1/SysBuild/CodeGenerated/DE2_115/Lab1/niosII/ --report-file=bsf:D:/Altera/povs/iu3-91/demin/lab1/SysBuild/CodeGenerated/DE2_115/Lab1/niosII.bsf --system-info=DEVICE_FAMILY="Cyclone IV E" --system-info=DEVICE=EP4CE115F29C7 --system-info=DEVICE_SPEEDGRADE=7 --component-file=D:/Altera/povs/iu3-91/demin/lab1/SysBuild/CodeGenerated/DE2_115/Lab1/niosII.qsys
Progress: Loading Lab1/niosII.qsys
Progress: Reading input file
Progress: Adding clk [clock_source 13.0]
Progress: Parameterizing module clk
Progress: Adding cpu [altera_nios2_qsys 13.0]
Progress: Parameterizing module cpu
Progress: Adding sysid [altera_avalon_sysid_qsys 13.0]
Progress: Parameterizing module sysid
Progress: Adding instruction_tcm [altera_avalon_onchip_memory2 13.0.1.99.2]
Progress: Parameterizing module instruction_tcm
Progress: Adding ext_ram_ctl [altera_generic_tristate_controller 13.0]
Progress: Parameterizing module ext_ram_ctl
Progress: Adding ext_ram_bus [altera_tristate_conduit_bridge 13.0]
Progress: Parameterizing module ext_ram_bus
Progress: Adding ext_flash_ctl [altera_generic_tristate_controller 13.0]
Progress: Parameterizing module ext_flash_ctl
Progress: Adding ext_flash_bus [altera_tristate_conduit_bridge 13.0]
Progress: Parameterizing module ext_flash_bus
Progress: Adding jtag_uart [altera_avalon_jtag_uart 13.0.1.99.2]
Progress: Parameterizing module jtag_uart
Progress: Adding seven_seg [altera_avalon_pio 13.0.1.99.2]
Progress: Parameterizing module seven_seg
Progress: Adding green_led [altera_avalon_pio 13.0.1.99.2]
Progress: Parameterizing module green_led
Progress: Adding buttons [altera_avalon_pio 13.0.1.99.2]
Progress: Parameterizing module buttons
Progress: Adding sys_clk_timer [altera_avalon_timer 13.0.1.99.2]
Progress: Parameterizing module sys_clk_timer
Progress: Adding high_res_timer [altera_avalon_timer 13.0.1.99.2]
Progress: Parameterizing module high_res_timer
Progress: Building connections
Progress: Parameterizing connections
Progress: Validating
Progress: Done reading input file
Info: niosII.sysid: System ID is not assigned automatically. Edit the System ID parameter to provide a unique ID
Info: niosII.sysid: Time stamp will be automatically updated when this component is generated.
Warning: niosII.ext_ram_ctl: Properties (isMemoryDevice) have been set on interface uas - in composed mode these are ignored
Warning: niosII.ext_flash_ctl: Properties (isFlash,isMemoryDevice,isNonVolatileStorage) have been set on interface uas - in composed mode these are ignored
Info: niosII.buttons: PIO inputs are not hardwired in test bench. Undefined values will be read from PIO inputs during simulation.
Info: ip-generate succeeded.
Info: Finished: Create block symbol file (.bsf)
Info: 
Info: Starting: Create HDL design files for synthesis
Info: ip-generate --project-directory=D:/Altera/povs/iu3-91/demin/lab1/SysBuild/CodeGenerated/DE2_115/Lab1/ --output-directory=D:/Altera/povs/iu3-91/demin/lab1/SysBuild/CodeGenerated/DE2_115/Lab1/niosII/synthesis/ --file-set=QUARTUS_SYNTH --report-file=sopcinfo:D:/Altera/povs/iu3-91/demin/lab1/SysBuild/CodeGenerated/DE2_115/Lab1/niosII.sopcinfo --report-file=html:D:/Altera/povs/iu3-91/demin/lab1/SysBuild/CodeGenerated/DE2_115/Lab1/niosII.html --report-file=qip:D:/Altera/povs/iu3-91/demin/lab1/SysBuild/CodeGenerated/DE2_115/Lab1/niosII/synthesis/niosII.qip --report-file=cmp:D:/Altera/povs/iu3-91/demin/lab1/SysBuild/CodeGenerated/DE2_115/Lab1/niosII.cmp --report-file=svd --system-info=DEVICE_FAMILY="Cyclone IV E" --system-info=DEVICE=EP4CE115F29C7 --system-info=DEVICE_SPEEDGRADE=7 --component-file=D:/Altera/povs/iu3-91/demin/lab1/SysBuild/CodeGenerated/DE2_115/Lab1/niosII.qsys --language=VERILOG
Progress: Loading Lab1/niosII.qsys
Progress: Reading input file
Progress: Adding clk [clock_source 13.0]
Progress: Parameterizing module clk
Progress: Adding cpu [altera_nios2_qsys 13.0]
Progress: Parameterizing module cpu
Progress: Adding sysid [altera_avalon_sysid_qsys 13.0]
Progress: Parameterizing module sysid
Progress: Adding instruction_tcm [altera_avalon_onchip_memory2 13.0.1.99.2]
Progress: Parameterizing module instruction_tcm
Progress: Adding ext_ram_ctl [altera_generic_tristate_controller 13.0]
Progress: Parameterizing module ext_ram_ctl
Progress: Adding ext_ram_bus [altera_tristate_conduit_bridge 13.0]
Progress: Parameterizing module ext_ram_bus
Progress: Adding ext_flash_ctl [altera_generic_tristate_controller 13.0]
Progress: Parameterizing module ext_flash_ctl
Progress: Adding ext_flash_bus [altera_tristate_conduit_bridge 13.0]
Progress: Parameterizing module ext_flash_bus
Progress: Adding jtag_uart [altera_avalon_jtag_uart 13.0.1.99.2]
Progress: Parameterizing module jtag_uart
Progress: Adding seven_seg [altera_avalon_pio 13.0.1.99.2]
Progress: Parameterizing module seven_seg
Progress: Adding green_led [altera_avalon_pio 13.0.1.99.2]
Progress: Parameterizing module green_led
Progress: Adding buttons [altera_avalon_pio 13.0.1.99.2]
Progress: Parameterizing module buttons
Progress: Adding sys_clk_timer [altera_avalon_timer 13.0.1.99.2]
Progress: Parameterizing module sys_clk_timer
Progress: Adding high_res_timer [altera_avalon_timer 13.0.1.99.2]
Progress: Parameterizing module high_res_timer
Progress: Building connections
Progress: Parameterizing connections
Progress: Validating
Progress: Done reading input file
Info: niosII.sysid: System ID is not assigned automatically. Edit the System ID parameter to provide a unique ID
Info: niosII.sysid: Time stamp will be automatically updated when this component is generated.
Warning: niosII.ext_ram_ctl: Properties (isMemoryDevice) have been set on interface uas - in composed mode these are ignored
Warning: niosII.ext_flash_ctl: Properties (isFlash,isMemoryDevice,isNonVolatileStorage) have been set on interface uas - in composed mode these are ignored
Info: niosII.buttons: PIO inputs are not hardwired in test bench. Undefined values will be read from PIO inputs during simulation.
Info: niosII: Generating niosII "niosII" for QUARTUS_SYNTH
Info: pipeline_bridge_swap_transform: After transform: 14 modules, 63 connections
Info: No custom instruction connections, skipping transform 
Info: merlin_translator_transform: After transform: 29 modules, 123 connections
Info: merlin_domain_transform: After transform: 56 modules, 300 connections
Info: merlin_router_transform: After transform: 69 modules, 352 connections
Info: merlin_traffic_limiter_transform: After transform: 71 modules, 362 connections
Info: merlin_burst_transform: After transform: 73 modules, 370 connections
Info: reset_adaptation_transform: After transform: 74 modules, 288 connections
Info: merlin_network_to_switch_transform: After transform: 99 modules, 342 connections
Info: merlin_width_transform: After transform: 103 modules, 354 connections
Info: limiter_update_transform: After transform: 103 modules, 356 connections
Info: merlin_mm_transform: After transform: 103 modules, 356 connections
Info: merlin_interrupt_mapper_transform: After transform: 104 modules, 359 connections
Warning: niosII: "No matching role found for rst_controller:reset_out:reset_req (reset_req)"
Warning: niosII: "No matching role found for rst_controller:reset_out:reset_req (reset_req)"
Warning: niosII: "No matching role found for rst_controller:reset_out:reset_req (reset_req)"
Warning: niosII: "No matching role found for rst_controller:reset_out:reset_req (reset_req)"
Warning: niosII: "No matching role found for rst_controller:reset_out:reset_req (reset_req)"
Warning: niosII: "No matching role found for rst_controller:reset_out:reset_req (reset_req)"
Warning: niosII: "No matching role found for rst_controller:reset_out:reset_req (reset_req)"
Warning: niosII: "No matching role found for rst_controller:reset_out:reset_req (reset_req)"
Warning: niosII: "No matching role found for rst_controller:reset_out:reset_req (reset_req)"
Warning: niosII: "No matching role found for rst_controller:reset_out:reset_req (reset_req)"
Warning: niosII: "No matching role found for rst_controller:reset_out:reset_req (reset_req)"
Warning: niosII: "No matching role found for rst_controller:reset_out:reset_req (reset_req)"
Warning: niosII: "No matching role found for rst_controller:reset_out:reset_req (reset_req)"
Warning: niosII: "No matching role found for rst_controller:reset_out:reset_req (reset_req)"
Warning: niosII: "No matching role found for rst_controller:reset_out:reset_req (reset_req)"
Warning: niosII: "No matching role found for rst_controller:reset_out:reset_req (reset_req)"
Warning: niosII: "No matching role found for rst_controller:reset_out:reset_req (reset_req)"
Warning: niosII: "No matching role found for rst_controller:reset_out:reset_req (reset_req)"
Warning: niosII: "No matching role found for rst_controller:reset_out:reset_req (reset_req)"
Warning: niosII: "No matching role found for rst_controller:reset_out:reset_req (reset_req)"
Warning: niosII: "No matching role found for rst_controller:reset_out:reset_req (reset_req)"
Warning: niosII: "No matching role found for rst_controller:reset_out:reset_req (reset_req)"
Warning: niosII: "No matching role found for rst_controller:reset_out:reset_req (reset_req)"
Warning: niosII: "No matching role found for rst_controller:reset_out:reset_req (reset_req)"
Warning: niosII: "No matching role found for rst_controller:reset_out:reset_req (reset_req)"
Warning: niosII: "No matching role found for rst_controller:reset_out:reset_req (reset_req)"
Warning: niosII: "No matching role found for rst_controller:reset_out:reset_req (reset_req)"
Warning: niosII: "No matching role found for rst_controller:reset_out:reset_req (reset_req)"
Warning: niosII: "No matching role found for rst_controller:reset_out:reset_req (reset_req)"
Warning: niosII: "No matching role found for rst_controller:reset_out:reset_req (reset_req)"
Warning: niosII: "No matching role found for rst_controller:reset_out:reset_req (reset_req)"
Warning: niosII: "No matching role found for rst_controller:reset_out:reset_req (reset_req)"
Warning: niosII: "No matching role found for rst_controller:reset_out:reset_req (reset_req)"
Warning: niosII: "No matching role found for rst_controller:reset_out:reset_req (reset_req)"
Warning: niosII: "No matching role found for rst_controller:reset_out:reset_req (reset_req)"
Warning: niosII: "No matching role found for rst_controller:reset_out:reset_req (reset_req)"
Warning: niosII: "No matching role found for rst_controller:reset_out:reset_req (reset_req)"
Warning: niosII: "No matching role found for rst_controller:reset_out:reset_req (reset_req)"
Warning: niosII: "No matching role found for rst_controller:reset_out:reset_req (reset_req)"
Warning: niosII: "No matching role found for rst_controller:reset_out:reset_req (reset_req)"
Warning: niosII: "No matching role found for rst_controller:reset_out:reset_req (reset_req)"
Warning: niosII: "No matching role found for rst_controller:reset_out:reset_req (reset_req)"
Warning: niosII: "No matching role found for rst_controller:reset_out:reset_req (reset_req)"
Warning: niosII: "No matching role found for rst_controller:reset_out:reset_req (reset_req)"
Warning: niosII: "No matching role found for rst_controller:reset_out:reset_req (reset_req)"
Warning: niosII: "No matching role found for rst_controller:reset_out:reset_req (reset_req)"
Warning: niosII: "No matching role found for rst_controller:reset_out:reset_req (reset_req)"
Warning: niosII: "No matching role found for rst_controller:reset_out:reset_req (reset_req)"
Warning: niosII: "No matching role found for rst_controller:reset_out:reset_req (reset_req)"
Warning: niosII: "No matching role found for rst_controller:reset_out:reset_req (reset_req)"
Warning: niosII: "No matching role found for rst_controller:reset_out:reset_req (reset_req)"
Warning: niosII: "No matching role found for rst_controller:reset_out:reset_req (reset_req)"
Warning: niosII: "No matching role found for rst_controller:reset_out:reset_req (reset_req)"
Warning: niosII: "No matching role found for rst_controller:reset_out:reset_req (reset_req)"
Warning: niosII: "No matching role found for rst_controller:reset_out:reset_req (reset_req)"
Warning: niosII: "No matching role found for rst_controller:reset_out:reset_req (reset_req)"
Warning: niosII: "No matching role found for rst_controller:reset_out:reset_req (reset_req)"
Warning: niosII: "No matching role found for rst_controller:reset_out:reset_req (reset_req)"
Warning: niosII: "No matching role found for rst_controller:reset_out:reset_req (reset_req)"
Warning: niosII: "No matching role found for rst_controller:reset_out:reset_req (reset_req)"
Warning: niosII: "No matching role found for rst_controller:reset_out:reset_req (reset_req)"
Warning: niosII: "No matching role found for rst_controller:reset_out:reset_req (reset_req)"
Warning: niosII: "No matching role found for rst_controller:reset_out:reset_req (reset_req)"
Warning: niosII: "No matching role found for rst_controller:reset_out:reset_req (reset_req)"
Warning: niosII: "No matching role found for rst_controller:reset_out:reset_req (reset_req)"
Warning: niosII: "No matching role found for rst_controller:reset_out:reset_req (reset_req)"
Warning: niosII: "No matching role found for rst_controller:reset_out:reset_req (reset_req)"
Warning: niosII: "No matching role found for rst_controller:reset_out:reset_req (reset_req)"
Warning: niosII: "No matching role found for rst_controller:reset_out:reset_req (reset_req)"
Warning: niosII: "No matching role found for rst_controller:reset_out:reset_req (reset_req)"
Warning: niosII: "No matching role found for rst_controller:reset_out:reset_req (reset_req)"
Warning: niosII: "No matching role found for rst_controller:reset_out:reset_req (reset_req)"
Warning: niosII: "No matching role found for rst_controller:reset_out:reset_req (reset_req)"
Warning: niosII: "No matching role found for rst_controller:reset_out:reset_req (reset_req)"
Warning: niosII: "No matching role found for rst_controller:reset_out:reset_req (reset_req)"
Warning: niosII: "No matching role found for rst_controller:reset_out:reset_req (reset_req)"
Warning: niosII: "No matching role found for rst_controller:reset_out:reset_req (reset_req)"
Warning: niosII: "No matching role found for rst_controller:reset_out:reset_req (reset_req)"
Warning: niosII: "No matching role found for rst_controller:reset_out:reset_req (reset_req)"
Warning: niosII: "No matching role found for rst_controller:reset_out:reset_req (reset_req)"
Warning: niosII: "No matching role found for rst_controller:reset_out:reset_req (reset_req)"
Warning: niosII: "No matching role found for rst_controller:reset_out:reset_req (reset_req)"
Warning: niosII: "No matching role found for rst_controller:reset_out:reset_req (reset_req)"
Warning: niosII: "No matching role found for rst_controller:reset_out:reset_req (reset_req)"
Warning: niosII: "No matching role found for rst_controller:reset_out:reset_req (reset_req)"
Warning: niosII: "No matching role found for rst_controller:reset_out:reset_req (reset_req)"
Warning: niosII: "No matching role found for rst_controller:reset_out:reset_req (reset_req)"
Warning: niosII: "No matching role found for rst_controller:reset_out:reset_req (reset_req)"
Warning: niosII: "No matching role found for rst_controller:reset_out:reset_req (reset_req)"
Warning: niosII: "No matching role found for rst_controller:reset_out:reset_req (reset_req)"
Warning: niosII: "No matching role found for rst_controller:reset_out:reset_req (reset_req)"
Warning: niosII: "No matching role found for rst_controller:reset_out:reset_req (reset_req)"
Warning: niosII: "No matching role found for rst_controller:reset_out:reset_req (reset_req)"
Warning: niosII: "No matching role found for rst_controller:reset_out:reset_req (reset_req)"
Warning: niosII: "No matching role found for rst_controller:reset_out:reset_req (reset_req)"
Warning: niosII: "No matching role found for rst_controller:reset_out:reset_req (reset_req)"
Warning: niosII: "No matching role found for rst_controller:reset_out:reset_req (reset_req)"
Warning: niosII: "No matching role found for rst_controller:reset_out:reset_req (reset_req)"
Warning: niosII: "No matching role found for rst_controller:reset_out:reset_req (reset_req)"
Warning: niosII: "No matching role found for rst_controller:reset_out:reset_req (reset_req)"
Warning: niosII: "No matching role found for rst_controller:reset_out:reset_req (reset_req)"
Info: cpu: Starting RTL generation for module 'niosII_cpu'
Info: cpu:   Generation command is [exec C:/altera/quartus/../ip/altera/nios2_ip/altera_nios2/eperl.exe -I C:/altera/quartus/common/ip/altera/common/perl/5.8.3 -I C:/altera/quartus/sopc_builder/bin/europa -I C:/altera/quartus/sopc_builder/bin/perl_lib -I C:/altera/quartus/sopc_builder/bin -I C:/altera/quartus/../ip/altera/nios2_ip/altera_nios2/cpu_lib -I C:/altera/quartus/../ip/altera/nios2_ip/altera_nios2/nios_lib -I C:/altera/quartus/../ip/altera/nios2_ip/altera_nios2 -I C:/altera/quartus/../ip/altera/nios2_ip/altera_nios2 -- C:/altera/quartus/../ip/altera/nios2_ip/altera_nios2/generate_rtl.epl --name=niosII_cpu --dir=C:/Users/ALTSTU~1/AppData/Local/Temp/alt5997_1014106061108135201.dir/0034_cpu_gen/ --quartus_dir=C:/altera/quartus --verilog --config=C:/Users/ALTSTU~1/AppData/Local/Temp/alt5997_1014106061108135201.dir/0034_cpu_gen//niosII_cpu_processor_configuration.pl  --do_build_sim=0    --bogus  ]
Info: cpu: # 2013.10.19 12:11:46 (*) Starting Nios II generation
Info: cpu: # 2013.10.19 12:11:46 (*)   Checking for plaintext license.
Info: cpu: # 2013.10.19 12:11:46 (*)   Couldn't query license setup in Quartus directory C:/altera/quartus
Info: cpu: # 2013.10.19 12:11:46 (*)   Defaulting to contents of LM_LICENSE_FILE environment variable
Info: cpu: # 2013.10.19 12:11:46 (*)   LM_LICENSE_FILE environment variable is empty
Info: cpu: # 2013.10.19 12:11:46 (*)   Plaintext license not found.
Info: cpu: # 2013.10.19 12:11:46 (*)   Checking for encrypted license (non-evaluation).
Info: cpu: # 2013.10.19 12:11:47 (*)   Couldn't query license setup in Quartus directory C:/altera/quartus
Info: cpu: # 2013.10.19 12:11:47 (*)   Defaulting to contents of LM_LICENSE_FILE environment variable
Info: cpu: # 2013.10.19 12:11:47 (*)   LM_LICENSE_FILE environment variable is empty
Info: cpu: # 2013.10.19 12:11:47 (*)   Encrypted license not found.  Defaulting to OCP evaluation license (produces a time-limited SOF)
Info: cpu: # 2013.10.19 12:11:47 (*)   Elaborating CPU configuration settings
Info: cpu: # 2013.10.19 12:11:47 (*)   Creating all objects for CPU
Info: cpu: # 2013.10.19 12:11:47 (*)     Testbench
Info: cpu: # 2013.10.19 12:11:47 (*)     Instruction decoding
Info: cpu: # 2013.10.19 12:11:47 (*)       Instruction fields
Info: cpu: # 2013.10.19 12:11:47 (*)       Instruction decodes
Info: cpu: # 2013.10.19 12:11:48 (*)       Signals for RTL simulation waveforms
Info: cpu: # 2013.10.19 12:11:48 (*)       Instruction controls
Info: cpu: # 2013.10.19 12:11:48 (*)     Pipeline frontend
Info: cpu: # 2013.10.19 12:11:48 (*)     Pipeline backend
Info: cpu: # 2013.10.19 12:11:52 (*)   Generating RTL from CPU objects
Info: cpu: # 2013.10.19 12:11:57 (*)   Creating encrypted RTL
Info: cpu: # 2013.10.19 12:11:58 (*) Done Nios II generation
Info: cpu: Done RTL generation for module 'niosII_cpu'
Info: cpu: "niosII" instantiated altera_nios2_qsys "cpu"
Info: sysid: "niosII" instantiated altera_avalon_sysid_qsys "sysid"
Info: instruction_tcm: Starting RTL generation for module 'niosII_instruction_tcm'
Info: instruction_tcm:   Generation command is [exec C:/altera/quartus/bin/perl/bin/perl.exe -I C:/altera/quartus/common/ip/altera/common/perl/5.8.3 -I C:/altera/quartus/sopc_builder/bin/europa -I C:/altera/quartus/sopc_builder/bin/perl_lib -I C:/altera/quartus/sopc_builder/bin -I C:/altera/quartus/../ip/altera/sopc_builder_ip/common -I C:/altera/quartus/../ip/altera/sopc_builder_ip/altera_avalon_onchip_memory2 -- C:/altera/quartus/../ip/altera/sopc_builder_ip/altera_avalon_onchip_memory2/generate_rtl.pl --name=niosII_instruction_tcm --dir=C:/Users/ALTSTU~1/AppData/Local/Temp/alt5997_1014106061108135201.dir/0036_instruction_tcm_gen/ --quartus_dir=C:/altera/quartus --verilog --config=C:/Users/ALTSTU~1/AppData/Local/Temp/alt5997_1014106061108135201.dir/0036_instruction_tcm_gen//niosII_instruction_tcm_component_configuration.pl  --do_build_sim=0  ]
Info: instruction_tcm: Done RTL generation for module 'niosII_instruction_tcm'
Info: instruction_tcm: "niosII" instantiated altera_avalon_onchip_memory2 "instruction_tcm"
Info: pipeline_bridge_swap_transform: After transform: 5 modules, 10 connections
Info: No custom instruction connections, skipping transform 
Info: merlin_translator_transform: After transform: 5 modules, 10 connections
Info: ext_ram_ctl: "niosII" instantiated altera_generic_tristate_controller "ext_ram_ctl"
Info: ext_ram_bus: "niosII" instantiated altera_tristate_conduit_bridge "ext_ram_bus"
Info: pipeline_bridge_swap_transform: After transform: 5 modules, 10 connections
Info: No custom instruction connections, skipping transform 
Info: merlin_translator_transform: After transform: 5 modules, 10 connections
Info: ext_flash_ctl: "niosII" instantiated altera_generic_tristate_controller "ext_flash_ctl"
Info: ext_flash_bus: "niosII" instantiated altera_tristate_conduit_bridge "ext_flash_bus"
Info: jtag_uart: Starting RTL generation for module 'niosII_jtag_uart'
Info: jtag_uart:   Generation command is [exec C:/altera/quartus/bin/perl/bin/perl.exe -I C:/altera/quartus/common/ip/altera/common/perl/5.8.3 -I C:/altera/quartus/sopc_builder/bin/europa -I C:/altera/quartus/sopc_builder/bin/perl_lib -I C:/altera/quartus/sopc_builder/bin -I C:/altera/quartus/../ip/altera/sopc_builder_ip/common -I C:/altera/quartus/../ip/altera/sopc_builder_ip/altera_avalon_jtag_uart -- C:/altera/quartus/../ip/altera/sopc_builder_ip/altera_avalon_jtag_uart/generate_rtl.pl --name=niosII_jtag_uart --dir=C:/Users/ALTSTU~1/AppData/Local/Temp/alt5997_1014106061108135201.dir/0039_jtag_uart_gen/ --quartus_dir=C:/altera/quartus --verilog --config=C:/Users/ALTSTU~1/AppData/Local/Temp/alt5997_1014106061108135201.dir/0039_jtag_uart_gen//niosII_jtag_uart_component_configuration.pl  --do_build_sim=0  ]
Info: jtag_uart: Done RTL generation for module 'niosII_jtag_uart'
Info: jtag_uart: "niosII" instantiated altera_avalon_jtag_uart "jtag_uart"
Info: seven_seg: Starting RTL generation for module 'niosII_seven_seg'
Info: seven_seg:   Generation command is [exec C:/altera/quartus/bin/perl/bin/perl.exe -I C:/altera/quartus/common/ip/altera/common/perl/5.8.3 -I C:/altera/quartus/sopc_builder/bin/europa -I C:/altera/quartus/sopc_builder/bin/perl_lib -I C:/altera/quartus/sopc_builder/bin -I C:/altera/quartus/../ip/altera/sopc_builder_ip/common -I C:/altera/quartus/../ip/altera/sopc_builder_ip/altera_avalon_pio -- C:/altera/quartus/../ip/altera/sopc_builder_ip/altera_avalon_pio/generate_rtl.pl --name=niosII_seven_seg --dir=C:/Users/ALTSTU~1/AppData/Local/Temp/alt5997_1014106061108135201.dir/0040_seven_seg_gen/ --quartus_dir=C:/altera/quartus --verilog --config=C:/Users/ALTSTU~1/AppData/Local/Temp/alt5997_1014106061108135201.dir/0040_seven_seg_gen//niosII_seven_seg_component_configuration.pl  --do_build_sim=0  ]
Info: seven_seg: Done RTL generation for module 'niosII_seven_seg'
Info: seven_seg: "niosII" instantiated altera_avalon_pio "seven_seg"
Info: green_led: Starting RTL generation for module 'niosII_green_led'
Info: green_led:   Generation command is [exec C:/altera/quartus/bin/perl/bin/perl.exe -I C:/altera/quartus/common/ip/altera/common/perl/5.8.3 -I C:/altera/quartus/sopc_builder/bin/europa -I C:/altera/quartus/sopc_builder/bin/perl_lib -I C:/altera/quartus/sopc_builder/bin -I C:/altera/quartus/../ip/altera/sopc_builder_ip/common -I C:/altera/quartus/../ip/altera/sopc_builder_ip/altera_avalon_pio -- C:/altera/quartus/../ip/altera/sopc_builder_ip/altera_avalon_pio/generate_rtl.pl --name=niosII_green_led --dir=C:/Users/ALTSTU~1/AppData/Local/Temp/alt5997_1014106061108135201.dir/0041_green_led_gen/ --quartus_dir=C:/altera/quartus --verilog --config=C:/Users/ALTSTU~1/AppData/Local/Temp/alt5997_1014106061108135201.dir/0041_green_led_gen//niosII_green_led_component_configuration.pl  --do_build_sim=0  ]
Info: green_led: Done RTL generation for module 'niosII_green_led'
Info: green_led: "niosII" instantiated altera_avalon_pio "green_led"
Info: buttons: Starting RTL generation for module 'niosII_buttons'
Info: buttons:   Generation command is [exec C:/altera/quartus/bin/perl/bin/perl.exe -I C:/altera/quartus/common/ip/altera/common/perl/5.8.3 -I C:/altera/quartus/sopc_builder/bin/europa -I C:/altera/quartus/sopc_builder/bin/perl_lib -I C:/altera/quartus/sopc_builder/bin -I C:/altera/quartus/../ip/altera/sopc_builder_ip/common -I C:/altera/quartus/../ip/altera/sopc_builder_ip/altera_avalon_pio -- C:/altera/quartus/../ip/altera/sopc_builder_ip/altera_avalon_pio/generate_rtl.pl --name=niosII_buttons --dir=C:/Users/ALTSTU~1/AppData/Local/Temp/alt5997_1014106061108135201.dir/0042_buttons_gen/ --quartus_dir=C:/altera/quartus --verilog --config=C:/Users/ALTSTU~1/AppData/Local/Temp/alt5997_1014106061108135201.dir/0042_buttons_gen//niosII_buttons_component_configuration.pl  --do_build_sim=0  ]
Info: buttons: Done RTL generation for module 'niosII_buttons'
Info: buttons: "niosII" instantiated altera_avalon_pio "buttons"
Info: sys_clk_timer: Starting RTL generation for module 'niosII_sys_clk_timer'
Info: sys_clk_timer:   Generation command is [exec C:/altera/quartus/bin/perl/bin/perl.exe -I C:/altera/quartus/common/ip/altera/common/perl/5.8.3 -I C:/altera/quartus/sopc_builder/bin/europa -I C:/altera/quartus/sopc_builder/bin/perl_lib -I C:/altera/quartus/sopc_builder/bin -I C:/altera/quartus/../ip/altera/sopc_builder_ip/common -I C:/altera/quartus/../ip/altera/sopc_builder_ip/altera_avalon_timer -- C:/altera/quartus/../ip/altera/sopc_builder_ip/altera_avalon_timer/generate_rtl.pl --name=niosII_sys_clk_timer --dir=C:/Users/ALTSTU~1/AppData/Local/Temp/alt5997_1014106061108135201.dir/0043_sys_clk_timer_gen/ --quartus_dir=C:/altera/quartus --verilog --config=C:/Users/ALTSTU~1/AppData/Local/Temp/alt5997_1014106061108135201.dir/0043_sys_clk_timer_gen//niosII_sys_clk_timer_component_configuration.pl  --do_build_sim=0  ]
Info: sys_clk_timer: Done RTL generation for module 'niosII_sys_clk_timer'
Info: sys_clk_timer: "niosII" instantiated altera_avalon_timer "sys_clk_timer"
Info: high_res_timer: Starting RTL generation for module 'niosII_high_res_timer'
Info: high_res_timer:   Generation command is [exec C:/altera/quartus/bin/perl/bin/perl.exe -I C:/altera/quartus/common/ip/altera/common/perl/5.8.3 -I C:/altera/quartus/sopc_builder/bin/europa -I C:/altera/quartus/sopc_builder/bin/perl_lib -I C:/altera/quartus/sopc_builder/bin -I C:/altera/quartus/../ip/altera/sopc_builder_ip/common -I C:/altera/quartus/../ip/altera/sopc_builder_ip/altera_avalon_timer -- C:/altera/quartus/../ip/altera/sopc_builder_ip/altera_avalon_timer/generate_rtl.pl --name=niosII_high_res_timer --dir=C:/Users/ALTSTU~1/AppData/Local/Temp/alt5997_1014106061108135201.dir/0044_high_res_timer_gen/ --quartus_dir=C:/altera/quartus --verilog --config=C:/Users/ALTSTU~1/AppData/Local/Temp/alt5997_1014106061108135201.dir/0044_high_res_timer_gen//niosII_high_res_timer_component_configuration.pl  --do_build_sim=0  ]
Info: high_res_timer: Done RTL generation for module 'niosII_high_res_timer'
Info: high_res_timer: "niosII" instantiated altera_avalon_timer "high_res_timer"
Info: cpu_instruction_master_translator: "niosII" instantiated altera_merlin_master_translator "cpu_instruction_master_translator"
Info: cpu_jtag_debug_module_translator: "niosII" instantiated altera_merlin_slave_translator "cpu_jtag_debug_module_translator"
Info: cpu_instruction_master_translator_avalon_universal_master_0_agent: "niosII" instantiated altera_merlin_master_agent "cpu_instruction_master_translator_avalon_universal_master_0_agent"
Info: cpu_jtag_debug_module_translator_avalon_universal_slave_0_agent: "niosII" instantiated altera_merlin_slave_agent "cpu_jtag_debug_module_translator_avalon_universal_slave_0_agent"
Info: cpu_jtag_debug_module_translator_avalon_universal_slave_0_agent_rsp_fifo: "niosII" instantiated altera_avalon_sc_fifo "cpu_jtag_debug_module_translator_avalon_universal_slave_0_agent_rsp_fifo"
Info: addr_router: "niosII" instantiated altera_merlin_router "addr_router"
Info: addr_router_001: "niosII" instantiated altera_merlin_router "addr_router_001"
Info: id_router: "niosII" instantiated altera_merlin_router "id_router"
Info: id_router_001: "niosII" instantiated altera_merlin_router "id_router_001"
Info: id_router_002: "niosII" instantiated altera_merlin_router "id_router_002"
Info: id_router_003: "niosII" instantiated altera_merlin_router "id_router_003"
Info: limiter: "niosII" instantiated altera_merlin_traffic_limiter "limiter"
Info: burst_adapter: "niosII" instantiated altera_merlin_burst_adapter "burst_adapter"
Info: rst_controller: "niosII" instantiated altera_reset_controller "rst_controller"
Info: cmd_xbar_demux: "niosII" instantiated altera_merlin_demultiplexer "cmd_xbar_demux"
Info: cmd_xbar_demux_001: "niosII" instantiated altera_merlin_demultiplexer "cmd_xbar_demux_001"
Info: cmd_xbar_mux: "niosII" instantiated altera_merlin_multiplexer "cmd_xbar_mux"
Info: rsp_xbar_demux: "niosII" instantiated altera_merlin_demultiplexer "rsp_xbar_demux"
Info: rsp_xbar_demux_003: "niosII" instantiated altera_merlin_demultiplexer "rsp_xbar_demux_003"
Info: rsp_xbar_mux: "niosII" instantiated altera_merlin_multiplexer "rsp_xbar_mux"
Info: Reusing file D:/Altera/povs/iu3-91/demin/lab1/SysBuild/CodeGenerated/DE2_115/Lab1/niosII/synthesis/submodules/altera_merlin_arbitrator.sv
Info: rsp_xbar_mux_001: "niosII" instantiated altera_merlin_multiplexer "rsp_xbar_mux_001"
Info: Reusing file D:/Altera/povs/iu3-91/demin/lab1/SysBuild/CodeGenerated/DE2_115/Lab1/niosII/synthesis/submodules/altera_merlin_arbitrator.sv
Info: width_adapter: "niosII" instantiated altera_merlin_width_adapter "width_adapter"
Info: Reusing file D:/Altera/povs/iu3-91/demin/lab1/SysBuild/CodeGenerated/DE2_115/Lab1/niosII/synthesis/submodules/altera_merlin_address_alignment.sv
Info: Reusing file D:/Altera/povs/iu3-91/demin/lab1/SysBuild/CodeGenerated/DE2_115/Lab1/niosII/synthesis/submodules/altera_merlin_burst_uncompressor.sv
Info: irq_mapper: "niosII" instantiated altera_irq_mapper "irq_mapper"
Info: tdt: "ext_ram_ctl" instantiated altera_tristate_controller_translator "tdt"
Info: tda: "ext_ram_ctl" instantiated altera_tristate_controller_aggregator "tda"
Info: niosII: Done niosII" with 39 modules, 143 files, 3230023 bytes
Info: ip-generate succeeded.
Info: Finished: Create HDL design files for synthesis
