Info: Starting: Create block symbol file (.bsf)
Info: ip-generate --project-directory=D:/Altera/IU3/ZhuravlevDemin/DE2_115/Lab1/ --output-directory=D:/Altera/IU3/ZhuravlevDemin/DE2_115/Lab1/niosII/ --report-file=bsf:D:/Altera/IU3/ZhuravlevDemin/DE2_115/Lab1/niosII.bsf --system-info=DEVICE_FAMILY="Cyclone IV E" --system-info=DEVICE=EP4CE115F29C7 --system-info=DEVICE_SPEEDGRADE=7 --component-file=D:/Altera/IU3/ZhuravlevDemin/DE2_115/Lab1/niosII.qsys
Progress: Loading Lab1/niosII.qsys
Progress: Reading input file
Progress: Adding clk [clock_source 13.0]
Progress: Parameterizing module clk
Progress: Adding cpu [altera_nios2_qsys 13.0]
Progress: Parameterizing module cpu
Progress: Adding sysid [altera_avalon_sysid_qsys 13.0]
Progress: Parameterizing module sysid
Progress: Adding instruction_tcm [altera_avalon_onchip_memory2 13.0.1.99.2]
Progress: Parameterizing module instruction_tcm
Progress: Adding ext_ram_ctl [altera_generic_tristate_controller 13.0]
Progress: Parameterizing module ext_ram_ctl
Progress: Adding ext_ram_bus [altera_tristate_conduit_bridge 13.0]
Progress: Parameterizing module ext_ram_bus
Progress: Adding ext_flash_ctl [altera_generic_tristate_controller 13.0]
Progress: Parameterizing module ext_flash_ctl
Progress: Adding ext_flash_bus [altera_tristate_conduit_bridge 13.0]
Progress: Parameterizing module ext_flash_bus
Progress: Adding jtag_uart [altera_avalon_jtag_uart 13.0.1.99.2]
Progress: Parameterizing module jtag_uart
Progress: Adding seven_seg [altera_avalon_pio 13.0.1.99.2]
Progress: Parameterizing module seven_seg
Progress: Adding green_led [altera_avalon_pio 13.0.1.99.2]
Progress: Parameterizing module green_led
Progress: Adding buttons [altera_avalon_pio 13.0.1.99.2]
Progress: Parameterizing module buttons
Progress: Adding sys_clk_timer [altera_avalon_timer 13.0.1.99.2]
Progress: Parameterizing module sys_clk_timer
Progress: Adding high_res_timer [altera_avalon_timer 13.0.1.99.2]
Progress: Parameterizing module high_res_timer
Progress: Adding performance_counter_0 [altera_avalon_performance_counter 13.0.1.99.2]
Progress: Parameterizing module performance_counter_0
Progress: Adding my_pwm [avalon_pwm 1.0]
Progress: Parameterizing module my_pwm
Progress: Adding countones [countones_ci 1.0]
Progress: Parameterizing module countones
Progress: Building connections
Progress: Parameterizing connections
Progress: Validating
Progress: Done reading input file
Info: niosII.sysid: System ID is not assigned automatically. Edit the System ID parameter to provide a unique ID
Info: niosII.sysid: Time stamp will be automatically updated when this component is generated.
Warning: niosII.ext_ram_ctl: Properties (isMemoryDevice) have been set on interface uas - in composed mode these are ignored
Warning: niosII.ext_flash_ctl: Properties (isFlash,isMemoryDevice,isNonVolatileStorage) have been set on interface uas - in composed mode these are ignored
Info: niosII.buttons: PIO inputs are not hardwired in test bench. Undefined values will be read from PIO inputs during simulation.
Warning: niosII.high_res_timer: Interrupt sender high_res_timer.irq is not connected to an interrupt receiver
Info: ip-generate succeeded.
Info: Finished: Create block symbol file (.bsf)
Info: 
Info: Starting: Create HDL design files for synthesis
Info: ip-generate --project-directory=D:/Altera/IU3/ZhuravlevDemin/DE2_115/Lab1/ --output-directory=D:/Altera/IU3/ZhuravlevDemin/DE2_115/Lab1/niosII/synthesis/ --file-set=QUARTUS_SYNTH --report-file=sopcinfo:D:/Altera/IU3/ZhuravlevDemin/DE2_115/Lab1/niosII.sopcinfo --report-file=html:D:/Altera/IU3/ZhuravlevDemin/DE2_115/Lab1/niosII.html --report-file=qip:D:/Altera/IU3/ZhuravlevDemin/DE2_115/Lab1/niosII/synthesis/niosII.qip --report-file=cmp:D:/Altera/IU3/ZhuravlevDemin/DE2_115/Lab1/niosII.cmp --report-file=svd --system-info=DEVICE_FAMILY="Cyclone IV E" --system-info=DEVICE=EP4CE115F29C7 --system-info=DEVICE_SPEEDGRADE=7 --component-file=D:/Altera/IU3/ZhuravlevDemin/DE2_115/Lab1/niosII.qsys --language=VERILOG
Progress: Loading Lab1/niosII.qsys
Progress: Reading input file
Progress: Adding clk [clock_source 13.0]
Progress: Parameterizing module clk
Progress: Adding cpu [altera_nios2_qsys 13.0]
Progress: Parameterizing module cpu
Progress: Adding sysid [altera_avalon_sysid_qsys 13.0]
Progress: Parameterizing module sysid
Progress: Adding instruction_tcm [altera_avalon_onchip_memory2 13.0.1.99.2]
Progress: Parameterizing module instruction_tcm
Progress: Adding ext_ram_ctl [altera_generic_tristate_controller 13.0]
Progress: Parameterizing module ext_ram_ctl
Progress: Adding ext_ram_bus [altera_tristate_conduit_bridge 13.0]
Progress: Parameterizing module ext_ram_bus
Progress: Adding ext_flash_ctl [altera_generic_tristate_controller 13.0]
Progress: Parameterizing module ext_flash_ctl
Progress: Adding ext_flash_bus [altera_tristate_conduit_bridge 13.0]
Progress: Parameterizing module ext_flash_bus
Progress: Adding jtag_uart [altera_avalon_jtag_uart 13.0.1.99.2]
Progress: Parameterizing module jtag_uart
Progress: Adding seven_seg [altera_avalon_pio 13.0.1.99.2]
Progress: Parameterizing module seven_seg
Progress: Adding green_led [altera_avalon_pio 13.0.1.99.2]
Progress: Parameterizing module green_led
Progress: Adding buttons [altera_avalon_pio 13.0.1.99.2]
Progress: Parameterizing module buttons
Progress: Adding sys_clk_timer [altera_avalon_timer 13.0.1.99.2]
Progress: Parameterizing module sys_clk_timer
Progress: Adding high_res_timer [altera_avalon_timer 13.0.1.99.2]
Progress: Parameterizing module high_res_timer
Progress: Adding performance_counter_0 [altera_avalon_performance_counter 13.0.1.99.2]
Progress: Parameterizing module performance_counter_0
Progress: Adding my_pwm [avalon_pwm 1.0]
Progress: Parameterizing module my_pwm
Progress: Adding countones [countones_ci 1.0]
Progress: Parameterizing module countones
Progress: Building connections
Progress: Parameterizing connections
Progress: Validating
Progress: Done reading input file
Info: niosII.sysid: System ID is not assigned automatically. Edit the System ID parameter to provide a unique ID
Info: niosII.sysid: Time stamp will be automatically updated when this component is generated.
Warning: niosII.ext_ram_ctl: Properties (isMemoryDevice) have been set on interface uas - in composed mode these are ignored
Warning: niosII.ext_flash_ctl: Properties (isFlash,isMemoryDevice,isNonVolatileStorage) have been set on interface uas - in composed mode these are ignored
Info: niosII.buttons: PIO inputs are not hardwired in test bench. Undefined values will be read from PIO inputs during simulation.
Warning: niosII.high_res_timer: Interrupt sender high_res_timer.irq is not connected to an interrupt receiver
Info: niosII: Generating niosII "niosII" for QUARTUS_SYNTH
Info: pipeline_bridge_swap_transform: After transform: 16 modules, 67 connections
Info: merlin_custom_instruction_transform: After transform: 19 modules, 70 connections
Info: merlin_translator_transform: After transform: 35 modules, 134 connections
Info: merlin_domain_transform: After transform: 64 modules, 325 connections
Info: merlin_router_transform: After transform: 78 modules, 381 connections
Info: merlin_traffic_limiter_transform: After transform: 80 modules, 391 connections
Info: merlin_burst_transform: After transform: 82 modules, 399 connections
Info: reset_adaptation_transform: After transform: 83 modules, 311 connections
Info: merlin_network_to_switch_transform: After transform: 110 modules, 369 connections
Info: merlin_width_transform: After transform: 114 modules, 381 connections
Info: limiter_update_transform: After transform: 114 modules, 383 connections
Info: merlin_mm_transform: After transform: 114 modules, 383 connections
Info: merlin_interrupt_mapper_transform: After transform: 115 modules, 386 connections
Warning: niosII: "No matching role found for cpu_custom_instruction_master_translator:ci_slave:ci_slave_ipending (ipending)"
Warning: niosII: "No matching role found for cpu_custom_instruction_master_translator:ci_slave:ci_slave_estatus (estatus)"
Warning: niosII: "No matching role found for rst_controller:reset_out:reset_req (reset_req)"
Warning: niosII: "No matching role found for rst_controller:reset_out:reset_req (reset_req)"
Warning: niosII: "No matching role found for rst_controller:reset_out:reset_req (reset_req)"
Warning: niosII: "No matching role found for rst_controller:reset_out:reset_req (reset_req)"
Warning: niosII: "No matching role found for rst_controller:reset_out:reset_req (reset_req)"
Warning: niosII: "No matching role found for rst_controller:reset_out:reset_req (reset_req)"
Warning: niosII: "No matching role found for rst_controller:reset_out:reset_req (reset_req)"
Warning: niosII: "No matching role found for rst_controller:reset_out:reset_req (reset_req)"
Warning: niosII: "No matching role found for rst_controller:reset_out:reset_req (reset_req)"
Warning: niosII: "No matching role found for rst_controller:reset_out:reset_req (reset_req)"
Warning: niosII: "No matching role found for rst_controller:reset_out:reset_req (reset_req)"
Warning: niosII: "No matching role found for rst_controller:reset_out:reset_req (reset_req)"
Warning: niosII: "No matching role found for rst_controller:reset_out:reset_req (reset_req)"
Warning: niosII: "No matching role found for rst_controller:reset_out:reset_req (reset_req)"
Warning: niosII: "No matching role found for rst_controller:reset_out:reset_req (reset_req)"
Warning: niosII: "No matching role found for rst_controller:reset_out:reset_req (reset_req)"
Warning: niosII: "No matching role found for rst_controller:reset_out:reset_req (reset_req)"
Warning: niosII: "No matching role found for rst_controller:reset_out:reset_req (reset_req)"
Warning: niosII: "No matching role found for rst_controller:reset_out:reset_req (reset_req)"
Warning: niosII: "No matching role found for rst_controller:reset_out:reset_req (reset_req)"
Warning: niosII: "No matching role found for rst_controller:reset_out:reset_req (reset_req)"
Warning: niosII: "No matching role found for rst_controller:reset_out:reset_req (reset_req)"
Warning: niosII: "No matching role found for rst_controller:reset_out:reset_req (reset_req)"
Warning: niosII: "No matching role found for rst_controller:reset_out:reset_req (reset_req)"
Warning: niosII: "No matching role found for rst_controller:reset_out:reset_req (reset_req)"
Warning: niosII: "No matching role found for rst_controller:reset_out:reset_req (reset_req)"
Warning: niosII: "No matching role found for rst_controller:reset_out:reset_req (reset_req)"
Warning: niosII: "No matching role found for rst_controller:reset_out:reset_req (reset_req)"
Warning: niosII: "No matching role found for rst_controller:reset_out:reset_req (reset_req)"
Warning: niosII: "No matching role found for rst_controller:reset_out:reset_req (reset_req)"
Warning: niosII: "No matching role found for rst_controller:reset_out:reset_req (reset_req)"
Warning: niosII: "No matching role found for rst_controller:reset_out:reset_req (reset_req)"
Warning: niosII: "No matching role found for rst_controller:reset_out:reset_req (reset_req)"
Warning: niosII: "No matching role found for rst_controller:reset_out:reset_req (reset_req)"
Warning: niosII: "No matching role found for rst_controller:reset_out:reset_req (reset_req)"
Warning: niosII: "No matching role found for rst_controller:reset_out:reset_req (reset_req)"
Warning: niosII: "No matching role found for rst_controller:reset_out:reset_req (reset_req)"
Warning: niosII: "No matching role found for rst_controller:reset_out:reset_req (reset_req)"
Warning: niosII: "No matching role found for rst_controller:reset_out:reset_req (reset_req)"
Warning: niosII: "No matching role found for rst_controller:reset_out:reset_req (reset_req)"
Warning: niosII: "No matching role found for rst_controller:reset_out:reset_req (reset_req)"
Warning: niosII: "No matching role found for rst_controller:reset_out:reset_req (reset_req)"
Warning: niosII: "No matching role found for rst_controller:reset_out:reset_req (reset_req)"
Warning: niosII: "No matching role found for rst_controller:reset_out:reset_req (reset_req)"
Warning: niosII: "No matching role found for rst_controller:reset_out:reset_req (reset_req)"
Warning: niosII: "No matching role found for rst_controller:reset_out:reset_req (reset_req)"
Warning: niosII: "No matching role found for rst_controller:reset_out:reset_req (reset_req)"
Warning: niosII: "No matching role found for rst_controller:reset_out:reset_req (reset_req)"
Warning: niosII: "No matching role found for rst_controller:reset_out:reset_req (reset_req)"
Warning: niosII: "No matching role found for rst_controller:reset_out:reset_req (reset_req)"
Warning: niosII: "No matching role found for rst_controller:reset_out:reset_req (reset_req)"
Warning: niosII: "No matching role found for rst_controller:reset_out:reset_req (reset_req)"
Warning: niosII: "No matching role found for rst_controller:reset_out:reset_req (reset_req)"
Warning: niosII: "No matching role found for rst_controller:reset_out:reset_req (reset_req)"
Warning: niosII: "No matching role found for rst_controller:reset_out:reset_req (reset_req)"
Warning: niosII: "No matching role found for rst_controller:reset_out:reset_req (reset_req)"
Warning: niosII: "No matching role found for rst_controller:reset_out:reset_req (reset_req)"
Warning: niosII: "No matching role found for rst_controller:reset_out:reset_req (reset_req)"
Warning: niosII: "No matching role found for rst_controller:reset_out:reset_req (reset_req)"
Warning: niosII: "No matching role found for rst_controller:reset_out:reset_req (reset_req)"
Warning: niosII: "No matching role found for rst_controller:reset_out:reset_req (reset_req)"
Warning: niosII: "No matching role found for rst_controller:reset_out:reset_req (reset_req)"
Warning: niosII: "No matching role found for rst_controller:reset_out:reset_req (reset_req)"
Warning: niosII: "No matching role found for rst_controller:reset_out:reset_req (reset_req)"
Warning: niosII: "No matching role found for rst_controller:reset_out:reset_req (reset_req)"
Warning: niosII: "No matching role found for rst_controller:reset_out:reset_req (reset_req)"
Warning: niosII: "No matching role found for rst_controller:reset_out:reset_req (reset_req)"
Warning: niosII: "No matching role found for rst_controller:reset_out:reset_req (reset_req)"
Warning: niosII: "No matching role found for rst_controller:reset_out:reset_req (reset_req)"
Warning: niosII: "No matching role found for rst_controller:reset_out:reset_req (reset_req)"
Warning: niosII: "No matching role found for rst_controller:reset_out:reset_req (reset_req)"
Warning: niosII: "No matching role found for rst_controller:reset_out:reset_req (reset_req)"
Warning: niosII: "No matching role found for rst_controller:reset_out:reset_req (reset_req)"
Warning: niosII: "No matching role found for rst_controller:reset_out:reset_req (reset_req)"
Warning: niosII: "No matching role found for rst_controller:reset_out:reset_req (reset_req)"
Warning: niosII: "No matching role found for rst_controller:reset_out:reset_req (reset_req)"
Warning: niosII: "No matching role found for rst_controller:reset_out:reset_req (reset_req)"
Warning: niosII: "No matching role found for rst_controller:reset_out:reset_req (reset_req)"
Warning: niosII: "No matching role found for rst_controller:reset_out:reset_req (reset_req)"
Warning: niosII: "No matching role found for rst_controller:reset_out:reset_req (reset_req)"
Warning: niosII: "No matching role found for rst_controller:reset_out:reset_req (reset_req)"
Warning: niosII: "No matching role found for rst_controller:reset_out:reset_req (reset_req)"
Warning: niosII: "No matching role found for rst_controller:reset_out:reset_req (reset_req)"
Warning: niosII: "No matching role found for rst_controller:reset_out:reset_req (reset_req)"
Warning: niosII: "No matching role found for rst_controller:reset_out:reset_req (reset_req)"
Warning: niosII: "No matching role found for rst_controller:reset_out:reset_req (reset_req)"
Warning: niosII: "No matching role found for rst_controller:reset_out:reset_req (reset_req)"
Warning: niosII: "No matching role found for rst_controller:reset_out:reset_req (reset_req)"
Warning: niosII: "No matching role found for rst_controller:reset_out:reset_req (reset_req)"
Warning: niosII: "No matching role found for rst_controller:reset_out:reset_req (reset_req)"
Warning: niosII: "No matching role found for rst_controller:reset_out:reset_req (reset_req)"
Warning: niosII: "No matching role found for rst_controller:reset_out:reset_req (reset_req)"
Warning: niosII: "No matching role found for rst_controller:reset_out:reset_req (reset_req)"
Warning: niosII: "No matching role found for rst_controller:reset_out:reset_req (reset_req)"
Warning: niosII: "No matching role found for rst_controller:reset_out:reset_req (reset_req)"
Warning: niosII: "No matching role found for rst_controller:reset_out:reset_req (reset_req)"
Warning: niosII: "No matching role found for rst_controller:reset_out:reset_req (reset_req)"
Warning: niosII: "No matching role found for rst_controller:reset_out:reset_req (reset_req)"
Warning: niosII: "No matching role found for rst_controller:reset_out:reset_req (reset_req)"
Warning: niosII: "No matching role found for rst_controller:reset_out:reset_req (reset_req)"
Warning: niosII: "No matching role found for rst_controller:reset_out:reset_req (reset_req)"
Warning: niosII: "No matching role found for rst_controller:reset_out:reset_req (reset_req)"
Warning: niosII: "No matching role found for rst_controller:reset_out:reset_req (reset_req)"
Warning: niosII: "No matching role found for rst_controller:reset_out:reset_req (reset_req)"
Warning: niosII: "No matching role found for rst_controller:reset_out:reset_req (reset_req)"
Warning: niosII: "No matching role found for rst_controller:reset_out:reset_req (reset_req)"
Warning: niosII: "No matching role found for rst_controller:reset_out:reset_req (reset_req)"
Warning: niosII: "No matching role found for rst_controller:reset_out:reset_req (reset_req)"
Info: cpu: Starting RTL generation for module 'niosII_cpu'
Info: cpu:   Generation command is [exec C:/altera/quartus/../ip/altera/nios2_ip/altera_nios2/eperl.exe -I C:/altera/quartus/common/ip/altera/common/perl/5.8.3 -I C:/altera/quartus/sopc_builder/bin/europa -I C:/altera/quartus/sopc_builder/bin/perl_lib -I C:/altera/quartus/sopc_builder/bin -I C:/altera/quartus/../ip/altera/nios2_ip/altera_nios2/cpu_lib -I C:/altera/quartus/../ip/altera/nios2_ip/altera_nios2/nios_lib -I C:/altera/quartus/../ip/altera/nios2_ip/altera_nios2 -I C:/altera/quartus/../ip/altera/nios2_ip/altera_nios2 -- C:/altera/quartus/../ip/altera/nios2_ip/altera_nios2/generate_rtl.epl --name=niosII_cpu --dir=C:/Users/ALTSTU~1/AppData/Local/Temp/alt6032_3069553901012009592.dir/0008_cpu_gen/ --quartus_dir=C:/altera/quartus --verilog --config=C:/Users/ALTSTU~1/AppData/Local/Temp/alt6032_3069553901012009592.dir/0008_cpu_gen//niosII_cpu_processor_configuration.pl  --do_build_sim=0    --bogus  ]
Info: cpu: # 2013.11.23 18:46:26 (*) Starting Nios II generation
Info: cpu: # 2013.11.23 18:46:26 (*)   Checking for plaintext license.
Info: cpu: # 2013.11.23 18:46:27 (*)   Plaintext license not found.
Info: cpu: # 2013.11.23 18:46:27 (*)   Checking for encrypted license (non-evaluation).
Info: cpu: # 2013.11.23 18:46:28 (*)   Encrypted license found.  SOF will not be time-limited.
Info: cpu: # 2013.11.23 18:46:28 (*)   Elaborating CPU configuration settings
Info: cpu: # 2013.11.23 18:46:28 (*)   Creating all objects for CPU
Info: cpu: # 2013.11.23 18:46:28 (*)     Testbench
Info: cpu: # 2013.11.23 18:46:28 (*)     Instruction decoding
Info: cpu: # 2013.11.23 18:46:28 (*)       Instruction fields
Info: cpu: # 2013.11.23 18:46:28 (*)       Instruction decodes
Info: cpu: # 2013.11.23 18:46:29 (*)       Signals for RTL simulation waveforms
Info: cpu: # 2013.11.23 18:46:29 (*)       Instruction controls
Info: cpu: # 2013.11.23 18:46:29 (*)     Pipeline frontend
Info: cpu: # 2013.11.23 18:46:29 (*)     Pipeline backend
Info: cpu: # 2013.11.23 18:46:33 (*)   Generating RTL from CPU objects
Info: cpu: # 2013.11.23 18:46:38 (*)   Creating encrypted RTL
Info: cpu: # 2013.11.23 18:46:39 (*) Done Nios II generation
Info: cpu: Done RTL generation for module 'niosII_cpu'
Info: cpu: "niosII" instantiated altera_nios2_qsys "cpu"
Info: sysid: "niosII" instantiated altera_avalon_sysid_qsys "sysid"
Info: instruction_tcm: Starting RTL generation for module 'niosII_instruction_tcm'
Info: instruction_tcm:   Generation command is [exec C:/altera/quartus/bin/perl/bin/perl.exe -I C:/altera/quartus/common/ip/altera/common/perl/5.8.3 -I C:/altera/quartus/sopc_builder/bin/europa -I C:/altera/quartus/sopc_builder/bin/perl_lib -I C:/altera/quartus/sopc_builder/bin -I C:/altera/quartus/../ip/altera/sopc_builder_ip/common -I C:/altera/quartus/../ip/altera/sopc_builder_ip/altera_avalon_onchip_memory2 -- C:/altera/quartus/../ip/altera/sopc_builder_ip/altera_avalon_onchip_memory2/generate_rtl.pl --name=niosII_instruction_tcm --dir=C:/Users/ALTSTU~1/AppData/Local/Temp/alt6032_3069553901012009592.dir/0010_instruction_tcm_gen/ --quartus_dir=C:/altera/quartus --verilog --config=C:/Users/ALTSTU~1/AppData/Local/Temp/alt6032_3069553901012009592.dir/0010_instruction_tcm_gen//niosII_instruction_tcm_component_configuration.pl  --do_build_sim=0  ]
Info: instruction_tcm: Done RTL generation for module 'niosII_instruction_tcm'
Info: instruction_tcm: "niosII" instantiated altera_avalon_onchip_memory2 "instruction_tcm"
Info: pipeline_bridge_swap_transform: After transform: 5 modules, 10 connections
Info: No custom instruction connections, skipping transform 
Info: merlin_translator_transform: After transform: 5 modules, 10 connections
Info: ext_ram_ctl: "niosII" instantiated altera_generic_tristate_controller "ext_ram_ctl"
Info: ext_ram_bus: "niosII" instantiated altera_tristate_conduit_bridge "ext_ram_bus"
Info: pipeline_bridge_swap_transform: After transform: 5 modules, 10 connections
Info: No custom instruction connections, skipping transform 
Info: merlin_translator_transform: After transform: 5 modules, 10 connections
Info: ext_flash_ctl: "niosII" instantiated altera_generic_tristate_controller "ext_flash_ctl"
Info: ext_flash_bus: "niosII" instantiated altera_tristate_conduit_bridge "ext_flash_bus"
Info: jtag_uart: Starting RTL generation for module 'niosII_jtag_uart'
Info: jtag_uart:   Generation command is [exec C:/altera/quartus/bin/perl/bin/perl.exe -I C:/altera/quartus/common/ip/altera/common/perl/5.8.3 -I C:/altera/quartus/sopc_builder/bin/europa -I C:/altera/quartus/sopc_builder/bin/perl_lib -I C:/altera/quartus/sopc_builder/bin -I C:/altera/quartus/../ip/altera/sopc_builder_ip/common -I C:/altera/quartus/../ip/altera/sopc_builder_ip/altera_avalon_jtag_uart -- C:/altera/quartus/../ip/altera/sopc_builder_ip/altera_avalon_jtag_uart/generate_rtl.pl --name=niosII_jtag_uart --dir=C:/Users/ALTSTU~1/AppData/Local/Temp/alt6032_3069553901012009592.dir/0013_jtag_uart_gen/ --quartus_dir=C:/altera/quartus --verilog --config=C:/Users/ALTSTU~1/AppData/Local/Temp/alt6032_3069553901012009592.dir/0013_jtag_uart_gen//niosII_jtag_uart_component_configuration.pl  --do_build_sim=0  ]
Info: jtag_uart: Done RTL generation for module 'niosII_jtag_uart'
Info: jtag_uart: "niosII" instantiated altera_avalon_jtag_uart "jtag_uart"
Info: seven_seg: Starting RTL generation for module 'niosII_seven_seg'
Info: seven_seg:   Generation command is [exec C:/altera/quartus/bin/perl/bin/perl.exe -I C:/altera/quartus/common/ip/altera/common/perl/5.8.3 -I C:/altera/quartus/sopc_builder/bin/europa -I C:/altera/quartus/sopc_builder/bin/perl_lib -I C:/altera/quartus/sopc_builder/bin -I C:/altera/quartus/../ip/altera/sopc_builder_ip/common -I C:/altera/quartus/../ip/altera/sopc_builder_ip/altera_avalon_pio -- C:/altera/quartus/../ip/altera/sopc_builder_ip/altera_avalon_pio/generate_rtl.pl --name=niosII_seven_seg --dir=C:/Users/ALTSTU~1/AppData/Local/Temp/alt6032_3069553901012009592.dir/0014_seven_seg_gen/ --quartus_dir=C:/altera/quartus --verilog --config=C:/Users/ALTSTU~1/AppData/Local/Temp/alt6032_3069553901012009592.dir/0014_seven_seg_gen//niosII_seven_seg_component_configuration.pl  --do_build_sim=0  ]
Info: seven_seg: Done RTL generation for module 'niosII_seven_seg'
Info: seven_seg: "niosII" instantiated altera_avalon_pio "seven_seg"
Info: buttons: Starting RTL generation for module 'niosII_buttons'
Info: buttons:   Generation command is [exec C:/altera/quartus/bin/perl/bin/perl.exe -I C:/altera/quartus/common/ip/altera/common/perl/5.8.3 -I C:/altera/quartus/sopc_builder/bin/europa -I C:/altera/quartus/sopc_builder/bin/perl_lib -I C:/altera/quartus/sopc_builder/bin -I C:/altera/quartus/../ip/altera/sopc_builder_ip/common -I C:/altera/quartus/../ip/altera/sopc_builder_ip/altera_avalon_pio -- C:/altera/quartus/../ip/altera/sopc_builder_ip/altera_avalon_pio/generate_rtl.pl --name=niosII_buttons --dir=C:/Users/ALTSTU~1/AppData/Local/Temp/alt6032_3069553901012009592.dir/0015_buttons_gen/ --quartus_dir=C:/altera/quartus --verilog --config=C:/Users/ALTSTU~1/AppData/Local/Temp/alt6032_3069553901012009592.dir/0015_buttons_gen//niosII_buttons_component_configuration.pl  --do_build_sim=0  ]
Info: buttons: Done RTL generation for module 'niosII_buttons'
Info: buttons: "niosII" instantiated altera_avalon_pio "buttons"
Info: sys_clk_timer: Starting RTL generation for module 'niosII_sys_clk_timer'
Info: sys_clk_timer:   Generation command is [exec C:/altera/quartus/bin/perl/bin/perl.exe -I C:/altera/quartus/common/ip/altera/common/perl/5.8.3 -I C:/altera/quartus/sopc_builder/bin/europa -I C:/altera/quartus/sopc_builder/bin/perl_lib -I C:/altera/quartus/sopc_builder/bin -I C:/altera/quartus/../ip/altera/sopc_builder_ip/common -I C:/altera/quartus/../ip/altera/sopc_builder_ip/altera_avalon_timer -- C:/altera/quartus/../ip/altera/sopc_builder_ip/altera_avalon_timer/generate_rtl.pl --name=niosII_sys_clk_timer --dir=C:/Users/ALTSTU~1/AppData/Local/Temp/alt6032_3069553901012009592.dir/0016_sys_clk_timer_gen/ --quartus_dir=C:/altera/quartus --verilog --config=C:/Users/ALTSTU~1/AppData/Local/Temp/alt6032_3069553901012009592.dir/0016_sys_clk_timer_gen//niosII_sys_clk_timer_component_configuration.pl  --do_build_sim=0  ]
Info: sys_clk_timer: Done RTL generation for module 'niosII_sys_clk_timer'
Info: sys_clk_timer: "niosII" instantiated altera_avalon_timer "sys_clk_timer"
Info: high_res_timer: Starting RTL generation for module 'niosII_high_res_timer'
Info: high_res_timer:   Generation command is [exec C:/altera/quartus/bin/perl/bin/perl.exe -I C:/altera/quartus/common/ip/altera/common/perl/5.8.3 -I C:/altera/quartus/sopc_builder/bin/europa -I C:/altera/quartus/sopc_builder/bin/perl_lib -I C:/altera/quartus/sopc_builder/bin -I C:/altera/quartus/../ip/altera/sopc_builder_ip/common -I C:/altera/quartus/../ip/altera/sopc_builder_ip/altera_avalon_timer -- C:/altera/quartus/../ip/altera/sopc_builder_ip/altera_avalon_timer/generate_rtl.pl --name=niosII_high_res_timer --dir=C:/Users/ALTSTU~1/AppData/Local/Temp/alt6032_3069553901012009592.dir/0017_high_res_timer_gen/ --quartus_dir=C:/altera/quartus --verilog --config=C:/Users/ALTSTU~1/AppData/Local/Temp/alt6032_3069553901012009592.dir/0017_high_res_timer_gen//niosII_high_res_timer_component_configuration.pl  --do_build_sim=0  ]
Info: high_res_timer: Done RTL generation for module 'niosII_high_res_timer'
Info: high_res_timer: "niosII" instantiated altera_avalon_timer "high_res_timer"
Info: performance_counter_0: Starting RTL generation for module 'niosII_performance_counter_0'
Info: performance_counter_0:   Generation command is [exec C:/altera/quartus/bin/perl/bin/perl.exe -I C:/altera/quartus/common/ip/altera/common/perl/5.8.3 -I C:/altera/quartus/sopc_builder/bin/europa -I C:/altera/quartus/sopc_builder/bin/perl_lib -I C:/altera/quartus/sopc_builder/bin -I C:/altera/quartus/../ip/altera/sopc_builder_ip/common -I C:/altera/quartus/../ip/altera/sopc_builder_ip/altera_avalon_performance_counter -- C:/altera/quartus/../ip/altera/sopc_builder_ip/altera_avalon_performance_counter/generate_rtl.pl --name=niosII_performance_counter_0 --dir=C:/Users/ALTSTU~1/AppData/Local/Temp/alt6032_3069553901012009592.dir/0018_performance_counter_0_gen/ --quartus_dir=C:/altera/quartus --verilog --config=C:/Users/ALTSTU~1/AppData/Local/Temp/alt6032_3069553901012009592.dir/0018_performance_counter_0_gen//niosII_performance_counter_0_component_configuration.pl  --do_build_sim=0  ]
Info: performance_counter_0: Done RTL generation for module 'niosII_performance_counter_0'
Info: performance_counter_0: "niosII" instantiated altera_avalon_performance_counter "performance_counter_0"
Info: my_pwm: "niosII" instantiated avalon_pwm "my_pwm"
Info: countones: "niosII" instantiated countones_ci "countones"
Info: cpu_custom_instruction_master_translator: "niosII" instantiated altera_customins_master_translator "cpu_custom_instruction_master_translator"
Info: cpu_custom_instruction_master_comb_xconnect: "niosII" instantiated altera_customins_xconnect "cpu_custom_instruction_master_comb_xconnect"
Info: cpu_custom_instruction_master_comb_slave_translator0: "niosII" instantiated altera_customins_slave_translator "cpu_custom_instruction_master_comb_slave_translator0"
Info: cpu_instruction_master_translator: "niosII" instantiated altera_merlin_master_translator "cpu_instruction_master_translator"
Info: cpu_jtag_debug_module_translator: "niosII" instantiated altera_merlin_slave_translator "cpu_jtag_debug_module_translator"
Info: cpu_instruction_master_translator_avalon_universal_master_0_agent: "niosII" instantiated altera_merlin_master_agent "cpu_instruction_master_translator_avalon_universal_master_0_agent"
Info: cpu_jtag_debug_module_translator_avalon_universal_slave_0_agent: "niosII" instantiated altera_merlin_slave_agent "cpu_jtag_debug_module_translator_avalon_universal_slave_0_agent"
Info: cpu_jtag_debug_module_translator_avalon_universal_slave_0_agent_rsp_fifo: "niosII" instantiated altera_avalon_sc_fifo "cpu_jtag_debug_module_translator_avalon_universal_slave_0_agent_rsp_fifo"
Info: addr_router: "niosII" instantiated altera_merlin_router "addr_router"
Info: addr_router_001: "niosII" instantiated altera_merlin_router "addr_router_001"
Info: id_router: "niosII" instantiated altera_merlin_router "id_router"
Info: id_router_001: "niosII" instantiated altera_merlin_router "id_router_001"
Info: id_router_002: "niosII" instantiated altera_merlin_router "id_router_002"
Info: id_router_003: "niosII" instantiated altera_merlin_router "id_router_003"
Info: limiter: "niosII" instantiated altera_merlin_traffic_limiter "limiter"
Info: burst_adapter: "niosII" instantiated altera_merlin_burst_adapter "burst_adapter"
Info: rst_controller: "niosII" instantiated altera_reset_controller "rst_controller"
Info: cmd_xbar_demux: "niosII" instantiated altera_merlin_demultiplexer "cmd_xbar_demux"
Info: cmd_xbar_demux_001: "niosII" instantiated altera_merlin_demultiplexer "cmd_xbar_demux_001"
Info: cmd_xbar_mux: "niosII" instantiated altera_merlin_multiplexer "cmd_xbar_mux"
Info: rsp_xbar_demux: "niosII" instantiated altera_merlin_demultiplexer "rsp_xbar_demux"
Info: rsp_xbar_demux_003: "niosII" instantiated altera_merlin_demultiplexer "rsp_xbar_demux_003"
Info: rsp_xbar_mux: "niosII" instantiated altera_merlin_multiplexer "rsp_xbar_mux"
Info: Reusing file D:/Altera/IU3/ZhuravlevDemin/DE2_115/Lab1/niosII/synthesis/submodules/altera_merlin_arbitrator.sv
Info: rsp_xbar_mux_001: "niosII" instantiated altera_merlin_multiplexer "rsp_xbar_mux_001"
Info: Reusing file D:/Altera/IU3/ZhuravlevDemin/DE2_115/Lab1/niosII/synthesis/submodules/altera_merlin_arbitrator.sv
Info: width_adapter: "niosII" instantiated altera_merlin_width_adapter "width_adapter"
Info: Reusing file D:/Altera/IU3/ZhuravlevDemin/DE2_115/Lab1/niosII/synthesis/submodules/altera_merlin_address_alignment.sv
Info: Reusing file D:/Altera/IU3/ZhuravlevDemin/DE2_115/Lab1/niosII/synthesis/submodules/altera_merlin_burst_uncompressor.sv
Info: irq_mapper: "niosII" instantiated altera_irq_mapper "irq_mapper"
Info: tdt: "ext_ram_ctl" instantiated altera_tristate_controller_translator "tdt"
Info: tda: "ext_ram_ctl" instantiated altera_tristate_controller_aggregator "tda"
Info: niosII: Done niosII" with 44 modules, 154 files, 3431741 bytes
Info: ip-generate succeeded.
Info: Finished: Create HDL design files for synthesis
