Flow report for semafor
Thu Dec 17 21:18:06 2015
Quartus II 64-Bit Version 15.0.2 Build 153 07/15/2015 SJ Web Edition


---------------------
; Table of Contents ;
---------------------
  1. Legal Notice
  2. Flow Summary
  3. Flow Settings
  4. Flow Non-Default Global Settings
  5. Flow Elapsed Time
  6. Flow OS Summary
  7. Flow Log
  8. Flow Messages
  9. Flow Suppressed Messages



----------------
; Legal Notice ;
----------------
Copyright (C) 1991-2015 Altera Corporation. All rights reserved.
Your use of Altera Corporation's design tools, logic functions 
and other software and tools, and its AMPP partner logic 
functions, and any output files from any of the foregoing 
(including device programming or simulation files), and any 
associated documentation or information are expressly subject 
to the terms and conditions of the Altera Program License 
Subscription Agreement, the Altera Quartus II License Agreement,
the Altera MegaCore Function License Agreement, or other 
applicable license agreement, including, without limitation, 
that your use is for the sole purpose of programming logic 
devices manufactured by Altera and sold by Altera or its 
authorized distributors.  Please refer to the applicable 
agreement for further details.



+---------------------------------------------------------------------------------+
; Flow Summary                                                                    ;
+------------------------------------+--------------------------------------------+
; Flow Status                        ; Successful - Thu Dec 17 21:18:06 2015      ;
; Quartus II 64-Bit Version          ; 15.0.2 Build 153 07/15/2015 SJ Web Edition ;
; Revision Name                      ; semafor                                    ;
; Top-level Entity Name              ; lab2                                       ;
; Family                             ; Cyclone IV E                               ;
; Device                             ; EP4CE6F17A7                                ;
; Timing Models                      ; Final                                      ;
; Total logic elements               ; 44 / 6,272 ( < 1 % )                       ;
;     Total combinational functions  ; 41 / 6,272 ( < 1 % )                       ;
;     Dedicated logic registers      ; 27 / 6,272 ( < 1 % )                       ;
; Total registers                    ; 27                                         ;
; Total pins                         ; 7 / 180 ( 4 % )                            ;
; Total virtual pins                 ; 0                                          ;
; Total memory bits                  ; 128 / 276,480 ( < 1 % )                    ;
; Embedded Multiplier 9-bit elements ; 0 / 30 ( 0 % )                             ;
; Total PLLs                         ; 0 / 2 ( 0 % )                              ;
+------------------------------------+--------------------------------------------+


+-----------------------------------------+
; Flow Settings                           ;
+-------------------+---------------------+
; Option            ; Setting             ;
+-------------------+---------------------+
; Start date & time ; 12/17/2015 21:17:39 ;
; Main task         ; Compilation         ;
; Revision Name     ; semafor             ;
+-------------------+---------------------+


+-----------------------------------------------------------------------------------------------------------------------------+
; Flow Non-Default Global Settings                                                                                            ;
+--------------------------------------+---------------------------------------+---------------+-------------+----------------+
; Assignment Name                      ; Value                                 ; Default Value ; Entity Name ; Section Id     ;
+--------------------------------------+---------------------------------------+---------------+-------------+----------------+
; COMPILER_SIGNATURE_ID                ; 31264774962623.145037625905740        ; --            ; --          ; --             ;
; EDA_DESIGN_INSTANCE_NAME             ; NA                                    ; --            ; --          ; tb             ;
; EDA_DESIGN_INSTANCE_NAME             ; NA                                    ; --            ; --          ; uart_tb        ;
; EDA_DESIGN_INSTANCE_NAME             ; NA                                    ; --            ; --          ; lab2_tb        ;
; EDA_NATIVELINK_SIMULATION_TEST_BENCH ; lab2_tb                               ; --            ; --          ; eda_simulation ;
; EDA_OUTPUT_DATA_FORMAT               ; Verilog Hdl                           ; --            ; --          ; eda_simulation ;
; EDA_SIMULATION_TOOL                  ; ModelSim-Altera (Verilog)             ; <None>        ; --          ; --             ;
; EDA_TEST_BENCH_ENABLE_STATUS         ; TEST_BENCH_MODE                       ; --            ; --          ; eda_simulation ;
; EDA_TEST_BENCH_FILE                  ; semafor_tb.v                          ; --            ; --          ; tb             ;
; EDA_TEST_BENCH_FILE                  ; uart_tb.v                             ; --            ; --          ; uart_tb        ;
; EDA_TEST_BENCH_FILE                  ; lab2_tb.v                             ; --            ; --          ; lab2_tb        ;
; EDA_TEST_BENCH_MODULE_NAME           ; semafor_tb                            ; --            ; --          ; tb             ;
; EDA_TEST_BENCH_MODULE_NAME           ; uart_tb                               ; --            ; --          ; uart_tb        ;
; EDA_TEST_BENCH_MODULE_NAME           ; lab2_tb                               ; --            ; --          ; lab2_tb        ;
; EDA_TEST_BENCH_NAME                  ; tb                                    ; --            ; --          ; eda_simulation ;
; EDA_TEST_BENCH_NAME                  ; uart_tb                               ; --            ; --          ; eda_simulation ;
; EDA_TEST_BENCH_NAME                  ; lab2_tb                               ; --            ; --          ; eda_simulation ;
; EDA_TIME_SCALE                       ; 1 ps                                  ; --            ; --          ; eda_simulation ;
; EXTRACT_VERILOG_STATE_MACHINES       ; Off                                   ; On            ; --          ; --             ;
; MAX_CORE_JUNCTION_TEMP               ; 125                                   ; --            ; --          ; --             ;
; MIN_CORE_JUNCTION_TEMP               ; -40                                   ; --            ; --          ; --             ;
; MISC_FILE                            ; periodrom.bsf                         ; --            ; --          ; --             ;
; MISC_FILE                            ; periodrom_bb.v                        ; --            ; --          ; --             ;
; NOMINAL_CORE_SUPPLY_VOLTAGE          ; 1.2V                                  ; --            ; --          ; --             ;
; PARTITION_COLOR                      ; 16764057                              ; --            ; lab2        ; Top            ;
; PARTITION_FITTER_PRESERVATION_LEVEL  ; PLACEMENT_AND_ROUTING                 ; --            ; lab2        ; Top            ;
; PARTITION_NETLIST_TYPE               ; SOURCE                                ; --            ; lab2        ; Top            ;
; POWER_BOARD_THERMAL_MODEL            ; None (CONSERVATIVE)                   ; --            ; --          ; --             ;
; POWER_PRESET_COOLING_SOLUTION        ; 23 MM HEAT SINK WITH 200 LFPM AIRFLOW ; --            ; --          ; --             ;
; PROJECT_OUTPUT_DIRECTORY             ; output_files                          ; --            ; --          ; --             ;
; STATE_MACHINE_PROCESSING             ; User-Encoded                          ; Auto          ; --          ; --             ;
; TOP_LEVEL_ENTITY                     ; lab2                                  ; semafor       ; --          ; --             ;
+--------------------------------------+---------------------------------------+---------------+-------------+----------------+


+-------------------------------------------------------------------------------------------------------------------------------+
; Flow Elapsed Time                                                                                                             ;
+---------------------------+--------------+-------------------------+---------------------+------------------------------------+
; Module Name               ; Elapsed Time ; Average Processors Used ; Peak Virtual Memory ; Total CPU Time (on all processors) ;
+---------------------------+--------------+-------------------------+---------------------+------------------------------------+
; Analysis & Synthesis      ; 00:00:11     ; 1.0                     ; 646 MB              ; 00:00:26                           ;
; Fitter                    ; 00:00:05     ; 1.0                     ; 927 MB              ; 00:00:05                           ;
; Assembler                 ; 00:00:01     ; 1.0                     ; 597 MB              ; 00:00:01                           ;
; TimeQuest Timing Analyzer ; 00:00:02     ; 1.0                     ; 650 MB              ; 00:00:02                           ;
; EDA Netlist Writer        ; 00:00:01     ; 1.0                     ; 562 MB              ; 00:00:01                           ;
; Total                     ; 00:00:20     ; --                      ; --                  ; 00:00:35                           ;
+---------------------------+--------------+-------------------------+---------------------+------------------------------------+


+----------------------------------------------------------------------------------------+
; Flow OS Summary                                                                        ;
+---------------------------+------------------+-----------+------------+----------------+
; Module Name               ; Machine Hostname ; OS Name   ; OS Version ; Processor type ;
+---------------------------+------------------+-----------+------------+----------------+
; Analysis & Synthesis      ; MartinSeptim-PC  ; Windows 7 ; 6.1        ; x86_64         ;
; Fitter                    ; MartinSeptim-PC  ; Windows 7 ; 6.1        ; x86_64         ;
; Assembler                 ; MartinSeptim-PC  ; Windows 7 ; 6.1        ; x86_64         ;
; TimeQuest Timing Analyzer ; MartinSeptim-PC  ; Windows 7 ; 6.1        ; x86_64         ;
; EDA Netlist Writer        ; MartinSeptim-PC  ; Windows 7 ; 6.1        ; x86_64         ;
+---------------------------+------------------+-----------+------------+----------------+


------------
; Flow Log ;
------------
quartus_map --read_settings_files=on --write_settings_files=off semafor_lab2 -c semafor
quartus_fit --read_settings_files=off --write_settings_files=off semafor_lab2 -c semafor
quartus_asm --read_settings_files=off --write_settings_files=off semafor_lab2 -c semafor
quartus_sta semafor_lab2 -c semafor
quartus_eda --read_settings_files=off --write_settings_files=off semafor_lab2 -c semafor



