EDA Netlist Writer report for phase_acc
Tue Dec 01 16:14:06 2015
Quartus II 64-Bit Version 15.0.2 Build 153 07/15/2015 SJ Web Edition


---------------------
; Table of Contents ;
---------------------
  1. Legal Notice
  2. EDA Netlist Writer Summary
  3. Simulation Settings
  4. Simulation Generated Files
  5. EDA Netlist Writer Messages



----------------
; Legal Notice ;
----------------
Copyright (C) 1991-2015 Altera Corporation. All rights reserved.
Your use of Altera Corporation's design tools, logic functions 
and other software and tools, and its AMPP partner logic 
functions, and any output files from any of the foregoing 
(including device programming or simulation files), and any 
associated documentation or information are expressly subject 
to the terms and conditions of the Altera Program License 
Subscription Agreement, the Altera Quartus II License Agreement,
the Altera MegaCore Function License Agreement, or other 
applicable license agreement, including, without limitation, 
that your use is for the sole purpose of programming logic 
devices manufactured by Altera and sold by Altera or its 
authorized distributors.  Please refer to the applicable 
agreement for further details.



+-------------------------------------------------------------------+
; EDA Netlist Writer Summary                                        ;
+---------------------------+---------------------------------------+
; EDA Netlist Writer Status ; Successful - Tue Dec 01 16:14:06 2015 ;
; Revision Name             ; phase_acc                             ;
; Top-level Entity Name     ; phase_acc                             ;
; Family                    ; Cyclone IV E                          ;
; Simulation Files Creation ; Successful                            ;
+---------------------------+---------------------------------------+


+-------------------------------------------------------------------------------------------------------------------------------+
; Simulation Settings                                                                                                           ;
+---------------------------------------------------------------------------------------------------+---------------------------+
; Option                                                                                            ; Setting                   ;
+---------------------------------------------------------------------------------------------------+---------------------------+
; Tool Name                                                                                         ; ModelSim-Altera (Verilog) ;
; Generate netlist for functional simulation only                                                   ; Off                       ;
; Time scale                                                                                        ; 1 ps                      ;
; Truncate long hierarchy paths                                                                     ; Off                       ;
; Map illegal HDL characters                                                                        ; Off                       ;
; Flatten buses into individual nodes                                                               ; Off                       ;
; Maintain hierarchy                                                                                ; Off                       ;
; Bring out device-wide set/reset signals as ports                                                  ; Off                       ;
; Enable glitch filtering                                                                           ; Off                       ;
; Do not write top level VHDL entity                                                                ; Off                       ;
; Disable detection of setup and hold time violations in the input registers of bi-directional pins ; Off                       ;
; Architecture name in VHDL output netlist                                                          ; structure                 ;
; Generate third-party EDA tool command script for RTL functional simulation                        ; Off                       ;
; Generate third-party EDA tool command script for gate-level simulation                            ; Off                       ;
+---------------------------------------------------------------------------------------------------+---------------------------+


+-----------------------------------------------------------------------------------------+
; Simulation Generated Files                                                              ;
+-----------------------------------------------------------------------------------------+
; Generated Files                                                                         ;
+-----------------------------------------------------------------------------------------+
; E:/alteraLabs/ptsuits/lab4/task1/simulation/modelsim/phase_acc_6_1200mv_85c_slow.vo     ;
; E:/alteraLabs/ptsuits/lab4/task1/simulation/modelsim/phase_acc_6_1200mv_0c_slow.vo      ;
; E:/alteraLabs/ptsuits/lab4/task1/simulation/modelsim/phase_acc_min_1200mv_0c_fast.vo    ;
; E:/alteraLabs/ptsuits/lab4/task1/simulation/modelsim/phase_acc.vo                       ;
; E:/alteraLabs/ptsuits/lab4/task1/simulation/modelsim/phase_acc_6_1200mv_85c_v_slow.sdo  ;
; E:/alteraLabs/ptsuits/lab4/task1/simulation/modelsim/phase_acc_6_1200mv_0c_v_slow.sdo   ;
; E:/alteraLabs/ptsuits/lab4/task1/simulation/modelsim/phase_acc_min_1200mv_0c_v_fast.sdo ;
; E:/alteraLabs/ptsuits/lab4/task1/simulation/modelsim/phase_acc_v.sdo                    ;
+-----------------------------------------------------------------------------------------+


+-----------------------------+
; EDA Netlist Writer Messages ;
+-----------------------------+
Info: *******************************************************************
Info: Running Quartus II 64-Bit EDA Netlist Writer
    Info: Version 15.0.2 Build 153 07/15/2015 SJ Web Edition
    Info: Processing started: Tue Dec 01 16:14:05 2015
Info: Command: quartus_eda --read_settings_files=off --write_settings_files=off task1 -c phase_acc
Info (204019): Generated file phase_acc_6_1200mv_85c_slow.vo in folder "E:/alteraLabs/ptsuits/lab4/task1/simulation/modelsim/" for EDA simulation tool
Info (204019): Generated file phase_acc_6_1200mv_0c_slow.vo in folder "E:/alteraLabs/ptsuits/lab4/task1/simulation/modelsim/" for EDA simulation tool
Info (204019): Generated file phase_acc_min_1200mv_0c_fast.vo in folder "E:/alteraLabs/ptsuits/lab4/task1/simulation/modelsim/" for EDA simulation tool
Info (204019): Generated file phase_acc.vo in folder "E:/alteraLabs/ptsuits/lab4/task1/simulation/modelsim/" for EDA simulation tool
Info (204019): Generated file phase_acc_6_1200mv_85c_v_slow.sdo in folder "E:/alteraLabs/ptsuits/lab4/task1/simulation/modelsim/" for EDA simulation tool
Info (204019): Generated file phase_acc_6_1200mv_0c_v_slow.sdo in folder "E:/alteraLabs/ptsuits/lab4/task1/simulation/modelsim/" for EDA simulation tool
Info (204019): Generated file phase_acc_min_1200mv_0c_v_fast.sdo in folder "E:/alteraLabs/ptsuits/lab4/task1/simulation/modelsim/" for EDA simulation tool
Info (204019): Generated file phase_acc_v.sdo in folder "E:/alteraLabs/ptsuits/lab4/task1/simulation/modelsim/" for EDA simulation tool
Info: Quartus II 64-Bit EDA Netlist Writer was successful. 0 errors, 0 warnings
    Info: Peak virtual memory: 569 megabytes
    Info: Processing ended: Tue Dec 01 16:14:06 2015
    Info: Elapsed time: 00:00:01
    Info: Total CPU time (on all processors): 00:00:01


