Flow report for Lab1_POVS
Wed Nov 11 12:54:30 2015
Quartus II 64-Bit Version 15.0.2 Build 153 07/15/2015 SJ Full Version


---------------------
; Table of Contents ;
---------------------
  1. Legal Notice
  2. Flow Summary
  3. Flow Settings
  4. Flow Non-Default Global Settings
  5. Flow Elapsed Time
  6. Flow OS Summary
  7. Flow Log
  8. Flow Messages
  9. Flow Suppressed Messages



----------------
; Legal Notice ;
----------------
Copyright (C) 1991-2015 Altera Corporation. All rights reserved.
Your use of Altera Corporation's design tools, logic functions 
and other software and tools, and its AMPP partner logic 
functions, and any output files from any of the foregoing 
(including device programming or simulation files), and any 
associated documentation or information are expressly subject 
to the terms and conditions of the Altera Program License 
Subscription Agreement, the Altera Quartus II License Agreement,
the Altera MegaCore Function License Agreement, or other 
applicable license agreement, including, without limitation, 
that your use is for the sole purpose of programming logic 
devices manufactured by Altera and sold by Altera or its 
authorized distributors.  Please refer to the applicable 
agreement for further details.



+----------------------------------------------------------------------------------+
; Flow Summary                                                                     ;
+------------------------------------+---------------------------------------------+
; Flow Status                        ; Successful - Wed Nov 11 12:54:17 2015       ;
; Quartus II 64-Bit Version          ; 15.0.2 Build 153 07/15/2015 SJ Full Version ;
; Revision Name                      ; Lab1_POVS                                   ;
; Top-level Entity Name              ; Lab1_POVS                                   ;
; Family                             ; Cyclone IV E                                ;
; Device                             ; EP4CE115F29C7                               ;
; Timing Models                      ; Final                                       ;
; Total logic elements               ; 6,134 / 114,480 ( 5 % )                     ;
;     Total combinational functions  ; 5,546 / 114,480 ( 5 % )                     ;
;     Dedicated logic registers      ; 3,756 / 114,480 ( 3 % )                     ;
; Total registers                    ; 3756                                        ;
; Total pins                         ; 168 / 529 ( 32 % )                          ;
; Total virtual pins                 ; 0                                           ;
; Total memory bits                  ; 218,112 / 3,981,312 ( 5 % )                 ;
; Embedded Multiplier 9-bit elements ; 6 / 532 ( 1 % )                             ;
; Total PLLs                         ; 0 / 4 ( 0 % )                               ;
+------------------------------------+---------------------------------------------+


+-----------------------------------------+
; Flow Settings                           ;
+-------------------+---------------------+
; Option            ; Setting             ;
+-------------------+---------------------+
; Start date & time ; 11/11/2015 12:51:35 ;
; Main task         ; Compilation         ;
; Revision Name     ; Lab1_POVS           ;
+-------------------+---------------------+


+-------------------------------------------------------------------------------------------------------------------------------------------+
; Flow Non-Default Global Settings                                                                                                          ;
+-------------------------------------+----------------------------------------------------------+---------------+-------------+------------+
; Assignment Name                     ; Value                                                    ; Default Value ; Entity Name ; Section Id ;
+-------------------------------------+----------------------------------------------------------+---------------+-------------+------------+
; COMPILER_SIGNATURE_ID               ; 123496056807.144723549504968                             ; --            ; --          ; --         ;
; MAX_CORE_JUNCTION_TEMP              ; 85                                                       ; --            ; --          ; --         ;
; MIN_CORE_JUNCTION_TEMP              ; 0                                                        ; --            ; --          ; --         ;
; MISC_FILE                           ; niosII/synthesis/../niosII.cmp                           ; --            ; --          ; --         ;
; MISC_FILE                           ; niosII/synthesis/../../niosII.qsys                       ; --            ; --          ; --         ;
; PARTITION_COLOR                     ; 16764057                                                 ; --            ; --          ; Top        ;
; PARTITION_FITTER_PRESERVATION_LEVEL ; PLACEMENT_AND_ROUTING                                    ; --            ; --          ; Top        ;
; PARTITION_NETLIST_TYPE              ; SOURCE                                                   ; --            ; --          ; Top        ;
; POWER_BOARD_THERMAL_MODEL           ; None (CONSERVATIVE)                                      ; --            ; --          ; --         ;
; POWER_PRESET_COOLING_SOLUTION       ; 23 MM HEAT SINK WITH 200 LFPM AIRFLOW                    ; --            ; --          ; --         ;
; SLD_FILE                            ; niosII/synthesis/niosII.regmap                           ; --            ; --          ; --         ;
; SLD_FILE                            ; niosII/synthesis/niosII.debuginfo                        ; --            ; --          ; --         ;
; SLD_INFO                            ; QSYS_NAME niosII HAS_SOPCINFO 1 GENERATION_ID 1447235428 ; --            ; niosII      ; --         ;
; SOPCINFO_FILE                       ; niosII/synthesis/../../niosII.sopcinfo                   ; --            ; --          ; --         ;
; SYNTHESIS_ONLY_QIP                  ; On                                                       ; --            ; --          ; --         ;
+-------------------------------------+----------------------------------------------------------+---------------+-------------+------------+


+-------------------------------------------------------------------------------------------------------------------------------+
; Flow Elapsed Time                                                                                                             ;
+---------------------------+--------------+-------------------------+---------------------+------------------------------------+
; Module Name               ; Elapsed Time ; Average Processors Used ; Peak Virtual Memory ; Total CPU Time (on all processors) ;
+---------------------------+--------------+-------------------------+---------------------+------------------------------------+
; Analysis & Synthesis      ; 00:01:17     ; 1.0                     ; 930 MB              ; 00:01:34                           ;
; Fitter                    ; 00:01:05     ; 1.2                     ; 1520 MB             ; 00:01:19                           ;
; Assembler                 ; 00:00:08     ; 1.0                     ; 644 MB              ; 00:00:07                           ;
; TimeQuest Timing Analyzer ; 00:00:11     ; 1.1                     ; 846 MB              ; 00:00:12                           ;
; Total                     ; 00:02:41     ; --                      ; --                  ; 00:03:12                           ;
+---------------------------+--------------+-------------------------+---------------------+------------------------------------+


+----------------------------------------------------------------------------------------+
; Flow OS Summary                                                                        ;
+---------------------------+------------------+-----------+------------+----------------+
; Module Name               ; Machine Hostname ; OS Name   ; OS Version ; Processor type ;
+---------------------------+------------------+-----------+------------+----------------+
; Analysis & Synthesis      ; lab1n00          ; Windows 7 ; 6.1        ; x86_64         ;
; Fitter                    ; lab1n00          ; Windows 7 ; 6.1        ; x86_64         ;
; Assembler                 ; lab1n00          ; Windows 7 ; 6.1        ; x86_64         ;
; TimeQuest Timing Analyzer ; lab1n00          ; Windows 7 ; 6.1        ; x86_64         ;
+---------------------------+------------------+-----------+------------+----------------+


------------
; Flow Log ;
------------
quartus_map --read_settings_files=on --write_settings_files=off Lab1_POVS -c Lab1_POVS
quartus_fit --read_settings_files=off --write_settings_files=off Lab1_POVS -c Lab1_POVS
quartus_asm --read_settings_files=off --write_settings_files=off Lab1_POVS -c Lab1_POVS
quartus_sta Lab1_POVS -c Lab1_POVS



